2025-08-14 00:32:41.128 +02:00 [INF] Executed DbCommand (9ms) [Parameters=[], CommandType='"Text"', CommandTimeout='30']
SELECT COUNT(*) FROM "sqlite_master" WHERE "name" = '__EFMigrationsHistory' AND "type" = 'table';
2025-08-14 00:32:41.172 +02:00 [INF] Executed DbCommand (0ms) [Parameters=[], CommandType='"Text"', CommandTimeout='30']
SELECT COUNT(*) FROM "sqlite_master" WHERE "name" = '__EFMigrationsHistory' AND "type" = 'table';
2025-08-14 00:32:41.188 +02:00 [INF] Executed DbCommand (1ms) [Parameters=[], CommandType='"Text"', CommandTimeout='30']
SELECT "MigrationId", "ProductVersion"
FROM "__EFMigrationsHistory"
ORDER BY "MigrationId";
2025-08-14 00:32:41.243 +02:00 [INF] No migrations were applied. The database is already up to date.
2025-08-14 00:32:41.366 +02:00 [INF] Executed DbCommand (0ms) [Parameters=[], CommandType='"Text"', CommandTimeout='30']
SELECT EXISTS (
    SELECT 1
    FROM "Events" AS "e")
2025-08-14 00:32:41.374 +02:00 [INF] Executed DbCommand (0ms) [Parameters=[], CommandType='"Text"', CommandTimeout='30']
SELECT EXISTS (
    SELECT 1
    FROM "Donationer" AS "d")
2025-08-14 00:32:41.379 +02:00 [INF] Executed DbCommand (0ms) [Parameters=[], CommandType='"Text"', CommandTimeout='30']
SELECT EXISTS (
    SELECT 1
    FROM "Kontakter" AS "k")
2025-08-14 00:32:41.384 +02:00 [INF] Executed DbCommand (0ms) [Parameters=[], CommandType='"Text"', CommandTimeout='30']
SELECT EXISTS (
    SELECT 1
    FROM "Om" AS "o")
2025-08-14 00:32:41.501 +02:00 [INF] User profile is available. Using 'C:\Users\somal\AppData\Local\ASP.NET\DataProtection-Keys' as key repository and Windows DPAPI to encrypt keys at rest.
2025-08-14 00:32:41.763 +02:00 [INF] Now listening on: https://localhost:7239
2025-08-14 00:32:41.811 +02:00 [INF] Now listening on: http://localhost:5225
2025-08-14 00:32:41.896 +02:00 [INF] Application started. Press Ctrl+C to shut down.
2025-08-14 00:32:41.900 +02:00 [INF] Hosting environment: Development
2025-08-14 00:32:41.902 +02:00 [INF] Content root path: C:\Users\somal\Desktop\Projekt\ForeningWeb\ForeningWeb
2025-08-14 00:32:42.618 +02:00 [INF] Request starting HTTP/2 GET https://localhost:7239/ - null null
2025-08-14 00:32:42.787 +02:00 [INF] Executing endpoint '/Index'
2025-08-14 00:32:42.821 +02:00 [INF] Route matched with {page = "/Index"}. Executing page /Index
2025-08-14 00:32:42.832 +02:00 [INF] Executing handler method ForeningWeb.Pages.IndexModel.OnGet - ModelState is "Valid"
2025-08-14 00:32:42.840 +02:00 [INF] Executed handler method OnGet, returned result .
2025-08-14 00:32:42.844 +02:00 [INF] Executing an implicit handler method - ModelState is "Valid"
2025-08-14 00:32:42.848 +02:00 [INF] Executed an implicit handler method, returned result Microsoft.AspNetCore.Mvc.RazorPages.PageResult.
2025-08-14 00:32:42.927 +02:00 [INF] Executed page /Index in 99.5505ms
2025-08-14 00:32:42.941 +02:00 [INF] Request starting HTTP/2 GET https://localhost:7239/_vs/browserLink - null null
2025-08-14 00:32:42.941 +02:00 [INF] Request starting HTTP/2 GET https://localhost:7239/_framework/aspnetcore-browser-refresh.js - null null
2025-08-14 00:32:42.942 +02:00 [INF] Executed endpoint '/Index'
2025-08-14 00:32:43.040 +02:00 [INF] Request finished HTTP/2 GET https://localhost:7239/_vs/browserLink - 200 null text/javascript; charset=UTF-8 98.5227ms
2025-08-14 00:32:43.040 +02:00 [INF] Request finished HTTP/2 GET https://localhost:7239/_framework/aspnetcore-browser-refresh.js - 200 16507 application/javascript; charset=utf-8 98.1548ms
2025-08-14 00:32:43.059 +02:00 [INF] Request finished HTTP/2 GET https://localhost:7239/ - 200 null text/html; charset=utf-8 450.803ms
2025-08-14 00:32:46.370 +02:00 [INF] Request starting HTTP/2 GET https://localhost:7239/About - null null
2025-08-14 00:32:46.438 +02:00 [INF] Authorization failed. These requirements were not met:
ClaimsAuthorizationRequirement:Claim.Type=role and Claim.Value is one of the following values: (admin)
2025-08-14 00:32:46.444 +02:00 [INF] AuthenticationScheme: Cookies was challenged.
2025-08-14 00:32:46.446 +02:00 [INF] Request finished HTTP/2 GET https://localhost:7239/About - 302 0 null 75.3696ms
2025-08-14 00:32:46.451 +02:00 [INF] Request starting HTTP/2 GET https://localhost:7239/Admin/Login?ReturnUrl=%2FAbout - null null
2025-08-14 00:32:46.497 +02:00 [INF] Executing endpoint '/Admin/Login'
2025-08-14 00:32:46.508 +02:00 [INF] Route matched with {page = "/Admin/Login"}. Executing page /Admin/Login
2025-08-14 00:32:46.544 +02:00 [INF] Executing handler method ForeningWeb.Pages.Admin.LoginModel.OnGet - ModelState is "Valid"
2025-08-14 00:32:46.546 +02:00 [INF] Executed handler method OnGet, returned result .
2025-08-14 00:32:46.548 +02:00 [INF] Executing an implicit handler method - ModelState is "Valid"
2025-08-14 00:32:46.550 +02:00 [INF] Executed an implicit handler method, returned result Microsoft.AspNetCore.Mvc.RazorPages.PageResult.
2025-08-14 00:32:46.607 +02:00 [INF] Request starting HTTP/2 GET https://localhost:7239/_framework/aspnetcore-browser-refresh.js - null null
2025-08-14 00:32:46.629 +02:00 [INF] Executed page /Admin/Login in 119.8061ms
2025-08-14 00:32:46.608 +02:00 [INF] Request starting HTTP/2 GET https://localhost:7239/_vs/browserLink - null null
2025-08-14 00:32:46.635 +02:00 [INF] Request finished HTTP/2 GET https://localhost:7239/_framework/aspnetcore-browser-refresh.js - 200 16507 application/javascript; charset=utf-8 27.8855ms
2025-08-14 00:32:46.646 +02:00 [INF] Executed endpoint '/Admin/Login'
2025-08-14 00:32:46.806 +02:00 [INF] Request finished HTTP/2 GET https://localhost:7239/_vs/browserLink - 200 null text/javascript; charset=UTF-8 198.1927ms
2025-08-14 00:32:46.820 +02:00 [INF] Request finished HTTP/2 GET https://localhost:7239/Admin/Login?ReturnUrl=%2FAbout - 200 null text/html; charset=utf-8 368.2866ms
2025-08-14 00:32:48.516 +02:00 [INF] Request starting HTTP/2 GET https://localhost:7239/Contacts - null null
2025-08-14 00:32:48.566 +02:00 [INF] Authorization failed. These requirements were not met:
ClaimsAuthorizationRequirement:Claim.Type=role and Claim.Value is one of the following values: (admin)
2025-08-14 00:32:48.569 +02:00 [INF] AuthenticationScheme: Cookies was challenged.
2025-08-14 00:32:48.571 +02:00 [INF] Request finished HTTP/2 GET https://localhost:7239/Contacts - 302 0 null 54.7817ms
2025-08-14 00:32:48.575 +02:00 [INF] Request starting HTTP/2 GET https://localhost:7239/Admin/Login?ReturnUrl=%2FContacts - null null
2025-08-14 00:32:48.625 +02:00 [INF] Executing endpoint '/Admin/Login'
2025-08-14 00:32:48.629 +02:00 [INF] Route matched with {page = "/Admin/Login"}. Executing page /Admin/Login
2025-08-14 00:32:48.632 +02:00 [INF] Executing handler method ForeningWeb.Pages.Admin.LoginModel.OnGet - ModelState is "Valid"
2025-08-14 00:32:48.636 +02:00 [INF] Executed handler method OnGet, returned result .
2025-08-14 00:32:48.640 +02:00 [INF] Executing an implicit handler method - ModelState is "Valid"
2025-08-14 00:32:48.644 +02:00 [INF] Executed an implicit handler method, returned result Microsoft.AspNetCore.Mvc.RazorPages.PageResult.
2025-08-14 00:32:48.661 +02:00 [INF] Executed page /Admin/Login in 30.1969ms
2025-08-14 00:32:48.685 +02:00 [INF] Request starting HTTP/2 GET https://localhost:7239/_framework/aspnetcore-browser-refresh.js - null null
2025-08-14 00:32:48.686 +02:00 [INF] Request starting HTTP/2 GET https://localhost:7239/_vs/browserLink - null null
2025-08-14 00:32:48.691 +02:00 [INF] Executed endpoint '/Admin/Login'
2025-08-14 00:32:48.774 +02:00 [INF] Request finished HTTP/2 GET https://localhost:7239/Admin/Login?ReturnUrl=%2FContacts - 200 null text/html; charset=utf-8 199.1873ms
2025-08-14 00:32:48.700 +02:00 [INF] Request finished HTTP/2 GET https://localhost:7239/_framework/aspnetcore-browser-refresh.js - 200 16507 application/javascript; charset=utf-8 14.714ms
2025-08-14 00:32:48.853 +02:00 [INF] Request finished HTTP/2 GET https://localhost:7239/_vs/browserLink - 200 null text/javascript; charset=UTF-8 167.2811ms
2025-08-14 00:32:49.971 +02:00 [INF] Request starting HTTP/2 GET https://localhost:7239/Donations - null null
2025-08-14 00:32:50.024 +02:00 [INF] Authorization failed. These requirements were not met:
ClaimsAuthorizationRequirement:Claim.Type=role and Claim.Value is one of the following values: (admin)
2025-08-14 00:32:50.035 +02:00 [INF] AuthenticationScheme: Cookies was challenged.
2025-08-14 00:32:50.036 +02:00 [INF] Request finished HTTP/2 GET https://localhost:7239/Donations - 302 0 null 64.7114ms
2025-08-14 00:32:50.040 +02:00 [INF] Request starting HTTP/2 GET https://localhost:7239/Admin/Login?ReturnUrl=%2FDonations - null null
2025-08-14 00:32:50.084 +02:00 [INF] Executing endpoint '/Admin/Login'
2025-08-14 00:32:50.085 +02:00 [INF] Route matched with {page = "/Admin/Login"}. Executing page /Admin/Login
2025-08-14 00:32:50.087 +02:00 [INF] Executing handler method ForeningWeb.Pages.Admin.LoginModel.OnGet - ModelState is "Valid"
2025-08-14 00:32:50.090 +02:00 [INF] Executed handler method OnGet, returned result .
2025-08-14 00:32:50.092 +02:00 [INF] Executing an implicit handler method - ModelState is "Valid"
2025-08-14 00:32:50.094 +02:00 [INF] Executed an implicit handler method, returned result Microsoft.AspNetCore.Mvc.RazorPages.PageResult.
2025-08-14 00:32:50.101 +02:00 [INF] Executed page /Admin/Login in 14.3981ms
2025-08-14 00:32:50.103 +02:00 [INF] Executed endpoint '/Admin/Login'
2025-08-14 00:32:50.136 +02:00 [INF] Request starting HTTP/2 GET https://localhost:7239/_framework/aspnetcore-browser-refresh.js - null null
2025-08-14 00:32:50.136 +02:00 [INF] Request starting HTTP/2 GET https://localhost:7239/_vs/browserLink - null null
2025-08-14 00:32:50.140 +02:00 [INF] Request finished HTTP/2 GET https://localhost:7239/Admin/Login?ReturnUrl=%2FDonations - 200 null text/html; charset=utf-8 99.3431ms
2025-08-14 00:32:50.143 +02:00 [INF] Request finished HTTP/2 GET https://localhost:7239/_framework/aspnetcore-browser-refresh.js - 200 16507 application/javascript; charset=utf-8 7.39ms
2025-08-14 00:32:50.192 +02:00 [INF] Request finished HTTP/2 GET https://localhost:7239/_vs/browserLink - 200 null text/javascript; charset=UTF-8 55.6326ms
2025-08-14 00:32:53.123 +02:00 [INF] Request starting HTTP/2 GET https://localhost:7239/Contacts - null null
2025-08-14 00:32:53.162 +02:00 [INF] Authorization failed. These requirements were not met:
ClaimsAuthorizationRequirement:Claim.Type=role and Claim.Value is one of the following values: (admin)
2025-08-14 00:32:53.167 +02:00 [INF] AuthenticationScheme: Cookies was challenged.
2025-08-14 00:32:53.169 +02:00 [INF] Request finished HTTP/2 GET https://localhost:7239/Contacts - 302 0 null 45.5198ms
2025-08-14 00:32:53.173 +02:00 [INF] Request starting HTTP/2 GET https://localhost:7239/Admin/Login?ReturnUrl=%2FContacts - null null
2025-08-14 00:32:53.219 +02:00 [INF] Executing endpoint '/Admin/Login'
2025-08-14 00:32:53.221 +02:00 [INF] Route matched with {page = "/Admin/Login"}. Executing page /Admin/Login
2025-08-14 00:32:53.224 +02:00 [INF] Executing handler method ForeningWeb.Pages.Admin.LoginModel.OnGet - ModelState is "Valid"
2025-08-14 00:32:53.226 +02:00 [INF] Executed handler method OnGet, returned result .
2025-08-14 00:32:53.229 +02:00 [INF] Executing an implicit handler method - ModelState is "Valid"
2025-08-14 00:32:53.231 +02:00 [INF] Executed an implicit handler method, returned result Microsoft.AspNetCore.Mvc.RazorPages.PageResult.
2025-08-14 00:32:53.238 +02:00 [INF] Executed page /Admin/Login in 14.9723ms
2025-08-14 00:32:53.272 +02:00 [INF] Request starting HTTP/2 GET https://localhost:7239/_framework/aspnetcore-browser-refresh.js - null null
2025-08-14 00:32:53.272 +02:00 [INF] Request starting HTTP/2 GET https://localhost:7239/_vs/browserLink - null null
2025-08-14 00:32:53.274 +02:00 [INF] Executed endpoint '/Admin/Login'
2025-08-14 00:32:53.278 +02:00 [INF] Request finished HTTP/2 GET https://localhost:7239/_framework/aspnetcore-browser-refresh.js - 200 16507 application/javascript; charset=utf-8 6.1928ms
2025-08-14 00:32:53.285 +02:00 [INF] Request finished HTTP/2 GET https://localhost:7239/Admin/Login?ReturnUrl=%2FContacts - 200 null text/html; charset=utf-8 112.403ms
2025-08-14 00:32:53.394 +02:00 [INF] Request finished HTTP/2 GET https://localhost:7239/_vs/browserLink - 200 null text/javascript; charset=UTF-8 121.5916ms
2025-08-14 00:32:58.044 +02:00 [INF] Request starting HTTP/2 GET https://localhost:7239/Admin/Login - null null
2025-08-14 00:32:58.103 +02:00 [INF] Executing endpoint '/Admin/Login'
2025-08-14 00:32:58.110 +02:00 [INF] Route matched with {page = "/Admin/Login"}. Executing page /Admin/Login
2025-08-14 00:32:58.115 +02:00 [INF] Executing handler method ForeningWeb.Pages.Admin.LoginModel.OnGet - ModelState is "Valid"
2025-08-14 00:32:58.118 +02:00 [INF] Executed handler method OnGet, returned result .
2025-08-14 00:32:58.122 +02:00 [INF] Executing an implicit handler method - ModelState is "Valid"
2025-08-14 00:32:58.125 +02:00 [INF] Executed an implicit handler method, returned result Microsoft.AspNetCore.Mvc.RazorPages.PageResult.
2025-08-14 00:32:58.132 +02:00 [INF] Executed page /Admin/Login in 17.6311ms
2025-08-14 00:32:58.134 +02:00 [INF] Executed endpoint '/Admin/Login'
2025-08-14 00:32:58.157 +02:00 [INF] Request starting HTTP/2 GET https://localhost:7239/_framework/aspnetcore-browser-refresh.js - null null
2025-08-14 00:32:58.158 +02:00 [INF] Request starting HTTP/2 GET https://localhost:7239/_vs/browserLink - null null
2025-08-14 00:32:58.158 +02:00 [INF] Request finished HTTP/2 GET https://localhost:7239/Admin/Login - 200 null text/html; charset=utf-8 115.2991ms
2025-08-14 00:32:58.161 +02:00 [INF] Request finished HTTP/2 GET https://localhost:7239/_framework/aspnetcore-browser-refresh.js - 200 16507 application/javascript; charset=utf-8 3.8616ms
2025-08-14 00:32:58.231 +02:00 [INF] Request finished HTTP/2 GET https://localhost:7239/_vs/browserLink - 200 null text/javascript; charset=UTF-8 73.2608ms
2025-08-14 00:33:00.602 +02:00 [INF] Request starting HTTP/2 GET https://localhost:7239/Donations - null null
2025-08-14 00:33:00.676 +02:00 [INF] Authorization failed. These requirements were not met:
ClaimsAuthorizationRequirement:Claim.Type=role and Claim.Value is one of the following values: (admin)
2025-08-14 00:33:00.677 +02:00 [INF] AuthenticationScheme: Cookies was challenged.
2025-08-14 00:33:00.678 +02:00 [INF] Request finished HTTP/2 GET https://localhost:7239/Donations - 302 0 null 76.6117ms
2025-08-14 00:33:00.685 +02:00 [INF] Request starting HTTP/2 GET https://localhost:7239/Admin/Login?ReturnUrl=%2FDonations - null null
2025-08-14 00:33:00.738 +02:00 [INF] Executing endpoint '/Admin/Login'
2025-08-14 00:33:00.741 +02:00 [INF] Route matched with {page = "/Admin/Login"}. Executing page /Admin/Login
2025-08-14 00:33:00.744 +02:00 [INF] Executing handler method ForeningWeb.Pages.Admin.LoginModel.OnGet - ModelState is "Valid"
2025-08-14 00:33:00.748 +02:00 [INF] Executed handler method OnGet, returned result .
2025-08-14 00:33:00.749 +02:00 [INF] Executing an implicit handler method - ModelState is "Valid"
2025-08-14 00:33:00.751 +02:00 [INF] Executed an implicit handler method, returned result Microsoft.AspNetCore.Mvc.RazorPages.PageResult.
2025-08-14 00:33:00.759 +02:00 [INF] Executed page /Admin/Login in 15.6387ms
2025-08-14 00:33:00.775 +02:00 [INF] Request starting HTTP/2 GET https://localhost:7239/_vs/browserLink - null null
2025-08-14 00:33:00.775 +02:00 [INF] Request starting HTTP/2 GET https://localhost:7239/_framework/aspnetcore-browser-refresh.js - null null
2025-08-14 00:33:00.792 +02:00 [INF] Executed endpoint '/Admin/Login'
2025-08-14 00:33:00.950 +02:00 [INF] Request finished HTTP/2 GET https://localhost:7239/Admin/Login?ReturnUrl=%2FDonations - 200 null text/html; charset=utf-8 264.8424ms
2025-08-14 00:33:00.946 +02:00 [INF] Request finished HTTP/2 GET https://localhost:7239/_framework/aspnetcore-browser-refresh.js - 200 16507 application/javascript; charset=utf-8 178.7543ms
2025-08-14 00:33:00.946 +02:00 [INF] Request finished HTTP/2 GET https://localhost:7239/_vs/browserLink - 200 null text/javascript; charset=UTF-8 171.686ms
2025-08-14 00:33:01.518 +02:00 [INF] Request starting HTTP/2 GET https://localhost:7239/Contacts - null null
2025-08-14 00:33:01.566 +02:00 [INF] Authorization failed. These requirements were not met:
ClaimsAuthorizationRequirement:Claim.Type=role and Claim.Value is one of the following values: (admin)
2025-08-14 00:33:01.568 +02:00 [INF] AuthenticationScheme: Cookies was challenged.
2025-08-14 00:33:01.569 +02:00 [INF] Request finished HTTP/2 GET https://localhost:7239/Contacts - 302 0 null 51.034ms
2025-08-14 00:33:01.574 +02:00 [INF] Request starting HTTP/2 GET https://localhost:7239/Admin/Login?ReturnUrl=%2FContacts - null null
2025-08-14 00:33:01.625 +02:00 [INF] Executing endpoint '/Admin/Login'
2025-08-14 00:33:01.627 +02:00 [INF] Route matched with {page = "/Admin/Login"}. Executing page /Admin/Login
2025-08-14 00:33:01.635 +02:00 [INF] Executing handler method ForeningWeb.Pages.Admin.LoginModel.OnGet - ModelState is "Valid"
2025-08-14 00:33:01.637 +02:00 [INF] Executed handler method OnGet, returned result .
2025-08-14 00:33:01.640 +02:00 [INF] Executing an implicit handler method - ModelState is "Valid"
2025-08-14 00:33:01.642 +02:00 [INF] Executed an implicit handler method, returned result Microsoft.AspNetCore.Mvc.RazorPages.PageResult.
2025-08-14 00:33:01.649 +02:00 [INF] Executed page /Admin/Login in 13.9416ms
2025-08-14 00:33:01.676 +02:00 [INF] Request starting HTTP/2 GET https://localhost:7239/_framework/aspnetcore-browser-refresh.js - null null
2025-08-14 00:33:01.676 +02:00 [INF] Request starting HTTP/2 GET https://localhost:7239/_vs/browserLink - null null
2025-08-14 00:33:01.737 +02:00 [INF] Executed endpoint '/Admin/Login'
2025-08-14 00:33:01.805 +02:00 [INF] Request finished HTTP/2 GET https://localhost:7239/Admin/Login?ReturnUrl=%2FContacts - 200 null text/html; charset=utf-8 231.246ms
2025-08-14 00:33:01.770 +02:00 [INF] Request finished HTTP/2 GET https://localhost:7239/_framework/aspnetcore-browser-refresh.js - 200 16507 application/javascript; charset=utf-8 94.7553ms
2025-08-14 00:33:01.843 +02:00 [INF] Request finished HTTP/2 GET https://localhost:7239/_vs/browserLink - 200 null text/javascript; charset=UTF-8 167.1931ms
2025-08-14 00:33:02.930 +02:00 [INF] Request starting HTTP/2 GET https://localhost:7239/About - null null
2025-08-14 00:33:02.977 +02:00 [INF] Authorization failed. These requirements were not met:
ClaimsAuthorizationRequirement:Claim.Type=role and Claim.Value is one of the following values: (admin)
2025-08-14 00:33:02.978 +02:00 [INF] AuthenticationScheme: Cookies was challenged.
2025-08-14 00:33:02.982 +02:00 [INF] Request finished HTTP/2 GET https://localhost:7239/About - 302 0 null 52.2602ms
2025-08-14 00:33:02.987 +02:00 [INF] Request starting HTTP/2 GET https://localhost:7239/Admin/Login?ReturnUrl=%2FAbout - null null
2025-08-14 00:33:03.045 +02:00 [INF] Executing endpoint '/Admin/Login'
2025-08-14 00:33:03.048 +02:00 [INF] Route matched with {page = "/Admin/Login"}. Executing page /Admin/Login
2025-08-14 00:33:03.053 +02:00 [INF] Executing handler method ForeningWeb.Pages.Admin.LoginModel.OnGet - ModelState is "Valid"
2025-08-14 00:33:03.054 +02:00 [INF] Executed handler method OnGet, returned result .
2025-08-14 00:33:03.056 +02:00 [INF] Executing an implicit handler method - ModelState is "Valid"
2025-08-14 00:33:03.057 +02:00 [INF] Executed an implicit handler method, returned result Microsoft.AspNetCore.Mvc.RazorPages.PageResult.
2025-08-14 00:33:03.068 +02:00 [INF] Executed page /Admin/Login in 15.5302ms
2025-08-14 00:33:03.095 +02:00 [INF] Request starting HTTP/2 GET https://localhost:7239/_framework/aspnetcore-browser-refresh.js - null null
2025-08-14 00:33:03.095 +02:00 [INF] Request starting HTTP/2 GET https://localhost:7239/_vs/browserLink - null null
2025-08-14 00:33:03.102 +02:00 [INF] Executed endpoint '/Admin/Login'
2025-08-14 00:33:03.106 +02:00 [INF] Request finished HTTP/2 GET https://localhost:7239/_framework/aspnetcore-browser-refresh.js - 200 16507 application/javascript; charset=utf-8 11.95ms
2025-08-14 00:33:03.120 +02:00 [INF] Request finished HTTP/2 GET https://localhost:7239/Admin/Login?ReturnUrl=%2FAbout - 200 null text/html; charset=utf-8 133.3768ms
2025-08-14 00:33:03.252 +02:00 [INF] Request finished HTTP/2 GET https://localhost:7239/_vs/browserLink - 200 null text/javascript; charset=UTF-8 157.0862ms
2025-08-14 00:33:03.768 +02:00 [INF] Request starting HTTP/2 GET https://localhost:7239/Events - null null
2025-08-14 00:33:04.514 +02:00 [INF] Request starting HTTP/2 GET https://localhost:7239/ - null null
2025-08-14 00:33:05.948 +02:00 [INF] Request starting HTTP/2 GET https://localhost:7239/ - null null
2025-08-14 00:33:06.072 +02:00 [INF] Executing endpoint '/Events/Index'
2025-08-14 00:33:06.254 +02:00 [INF] Executing endpoint '/Index'
2025-08-14 00:33:06.400 +02:00 [INF] Route matched with {page = "/Index"}. Executing page /Index
2025-08-14 00:33:06.402 +02:00 [INF] Executing handler method ForeningWeb.Pages.IndexModel.OnGet - ModelState is "Valid"
2025-08-14 00:33:06.404 +02:00 [INF] Route matched with {page = "/Events/Index"}. Executing page /Events/Index
2025-08-14 00:33:06.396 +02:00 [INF] Executing endpoint '/Index'
2025-08-14 00:33:06.406 +02:00 [INF] Route matched with {page = "/Index"}. Executing page /Index
2025-08-14 00:33:06.404 +02:00 [INF] Executed handler method OnGet, returned result .
2025-08-14 00:33:06.408 +02:00 [INF] Executing handler method ForeningWeb.Pages.Events.IndexModel.OnGetAsync - ModelState is "Valid"
2025-08-14 00:33:06.408 +02:00 [INF] Executing handler method ForeningWeb.Pages.IndexModel.OnGet - ModelState is "Valid"
2025-08-14 00:33:06.415 +02:00 [INF] Executed handler method OnGet, returned result .
2025-08-14 00:33:06.416 +02:00 [INF] Executing an implicit handler method - ModelState is "Valid"
2025-08-14 00:33:06.410 +02:00 [INF] Executing an implicit handler method - ModelState is "Valid"
2025-08-14 00:33:06.418 +02:00 [INF] Executed an implicit handler method, returned result Microsoft.AspNetCore.Mvc.RazorPages.PageResult.
2025-08-14 00:33:06.420 +02:00 [INF] Executed an implicit handler method, returned result Microsoft.AspNetCore.Mvc.RazorPages.PageResult.
2025-08-14 00:33:06.423 +02:00 [INF] Executed page /Index in 21.0364ms
2025-08-14 00:33:06.423 +02:00 [INF] Executed page /Index in 15.6321ms
2025-08-14 00:33:06.461 +02:00 [INF] Executed endpoint '/Index'
2025-08-14 00:33:06.472 +02:00 [INF] Request finished HTTP/2 GET https://localhost:7239/ - 200 null text/html; charset=utf-8 524.069ms
2025-08-14 00:33:06.459 +02:00 [INF] Executed endpoint '/Index'
2025-08-14 00:33:06.569 +02:00 [INF] Request finished HTTP/2 GET https://localhost:7239/ - 200 null text/html; charset=utf-8 2055.3388ms
2025-08-14 00:33:06.458 +02:00 [INF] Request starting HTTP/2 GET https://localhost:7239/_vs/browserLink - null null
2025-08-14 00:33:06.458 +02:00 [INF] Request starting HTTP/2 GET https://localhost:7239/_framework/aspnetcore-browser-refresh.js - null null
2025-08-14 00:33:06.694 +02:00 [INF] Request finished HTTP/2 GET https://localhost:7239/_vs/browserLink - 200 null text/javascript; charset=UTF-8 235.4894ms
2025-08-14 00:33:06.699 +02:00 [INF] Request finished HTTP/2 GET https://localhost:7239/_framework/aspnetcore-browser-refresh.js - 200 16507 application/javascript; charset=utf-8 240.6216ms
2025-08-14 00:33:06.963 +02:00 [INF] Executed DbCommand (32ms) [Parameters=[@__p_0='?' (DbType = Int32)], CommandType='"Text"', CommandTimeout='30']
SELECT "e"."Id", "e"."Beskrivelse", "e"."Dato", "e"."Tidspunkt", "e"."Titel"
FROM "Events" AS "e"
ORDER BY "e"."Dato" DESC
LIMIT @__p_0
2025-08-14 00:33:07.082 +02:00 [INF] Executed handler method OnGetAsync, returned result .
2025-08-14 00:33:07.084 +02:00 [INF] Executing an implicit handler method - ModelState is "Valid"
2025-08-14 00:33:07.086 +02:00 [INF] Executed an implicit handler method, returned result Microsoft.AspNetCore.Mvc.RazorPages.PageResult.
2025-08-14 00:33:07.101 +02:00 [INF] Executed page /Events/Index in 694.8272ms
2025-08-14 00:33:07.103 +02:00 [INF] Executed endpoint '/Events/Index'
2025-08-14 00:33:07.110 +02:00 [INF] Request finished HTTP/2 GET https://localhost:7239/Events - 200 null text/html; charset=utf-8 3341.3809ms
2025-08-14 00:33:07.642 +02:00 [INF] Request starting HTTP/2 GET https://localhost:7239/Events - null null
2025-08-14 00:33:07.736 +02:00 [INF] Executing endpoint '/Events/Index'
2025-08-14 00:33:07.739 +02:00 [INF] Route matched with {page = "/Events/Index"}. Executing page /Events/Index
2025-08-14 00:33:07.754 +02:00 [INF] Executing handler method ForeningWeb.Pages.Events.IndexModel.OnGetAsync - ModelState is "Valid"
2025-08-14 00:33:07.912 +02:00 [INF] Executed DbCommand (1ms) [Parameters=[@__p_0='?' (DbType = Int32)], CommandType='"Text"', CommandTimeout='30']
SELECT "e"."Id", "e"."Beskrivelse", "e"."Dato", "e"."Tidspunkt", "e"."Titel"
FROM "Events" AS "e"
ORDER BY "e"."Dato" DESC
LIMIT @__p_0
2025-08-14 00:33:07.927 +02:00 [INF] Executed handler method OnGetAsync, returned result .
2025-08-14 00:33:07.930 +02:00 [INF] Executing an implicit handler method - ModelState is "Valid"
2025-08-14 00:33:07.934 +02:00 [INF] Executed an implicit handler method, returned result Microsoft.AspNetCore.Mvc.RazorPages.PageResult.
2025-08-14 00:33:07.948 +02:00 [INF] Executed page /Events/Index in 195.0643ms
2025-08-14 00:33:07.967 +02:00 [INF] Request starting HTTP/2 GET https://localhost:7239/_framework/aspnetcore-browser-refresh.js - null null
2025-08-14 00:33:07.967 +02:00 [INF] Request starting HTTP/2 GET https://localhost:7239/_vs/browserLink - null null
2025-08-14 00:33:07.982 +02:00 [INF] Executed endpoint '/Events/Index'
2025-08-14 00:33:08.007 +02:00 [INF] Request finished HTTP/2 GET https://localhost:7239/Events - 200 null text/html; charset=utf-8 365.9791ms
2025-08-14 00:33:07.986 +02:00 [INF] Request finished HTTP/2 GET https://localhost:7239/_framework/aspnetcore-browser-refresh.js - 200 16507 application/javascript; charset=utf-8 18.4971ms
2025-08-14 00:33:08.050 +02:00 [INF] Request finished HTTP/2 GET https://localhost:7239/_vs/browserLink - 200 null text/javascript; charset=UTF-8 83.2126ms
2025-08-14 00:33:12.888 +02:00 [INF] Request starting HTTP/2 GET https://localhost:7239/About - null null
2025-08-14 00:33:12.942 +02:00 [INF] Authorization failed. These requirements were not met:
ClaimsAuthorizationRequirement:Claim.Type=role and Claim.Value is one of the following values: (admin)
2025-08-14 00:33:12.943 +02:00 [INF] AuthenticationScheme: Cookies was challenged.
2025-08-14 00:33:12.944 +02:00 [INF] Request finished HTTP/2 GET https://localhost:7239/About - 302 0 null 55.985ms
2025-08-14 00:33:12.949 +02:00 [INF] Request starting HTTP/2 GET https://localhost:7239/Admin/Login?ReturnUrl=%2FAbout - null null
2025-08-14 00:33:12.997 +02:00 [INF] Executing endpoint '/Admin/Login'
2025-08-14 00:33:13.001 +02:00 [INF] Route matched with {page = "/Admin/Login"}. Executing page /Admin/Login
2025-08-14 00:33:13.004 +02:00 [INF] Executing handler method ForeningWeb.Pages.Admin.LoginModel.OnGet - ModelState is "Valid"
2025-08-14 00:33:13.008 +02:00 [INF] Executed handler method OnGet, returned result .
2025-08-14 00:33:13.010 +02:00 [INF] Executing an implicit handler method - ModelState is "Valid"
2025-08-14 00:33:13.012 +02:00 [INF] Executed an implicit handler method, returned result Microsoft.AspNetCore.Mvc.RazorPages.PageResult.
2025-08-14 00:33:13.017 +02:00 [INF] Executed page /Admin/Login in 13.4887ms
2025-08-14 00:33:13.019 +02:00 [INF] Executed endpoint '/Admin/Login'
2025-08-14 00:33:13.021 +02:00 [INF] Request finished HTTP/2 GET https://localhost:7239/Admin/Login?ReturnUrl=%2FAbout - 200 null text/html; charset=utf-8 72.4808ms
2025-08-14 00:33:13.026 +02:00 [INF] Request starting HTTP/2 GET https://localhost:7239/_framework/aspnetcore-browser-refresh.js - null null
2025-08-14 00:33:13.041 +02:00 [INF] Request finished HTTP/2 GET https://localhost:7239/_framework/aspnetcore-browser-refresh.js - 200 16507 application/javascript; charset=utf-8 15.0536ms
2025-08-14 00:33:13.026 +02:00 [INF] Request starting HTTP/2 GET https://localhost:7239/_vs/browserLink - null null
2025-08-14 00:33:13.071 +02:00 [INF] Request finished HTTP/2 GET https://localhost:7239/_vs/browserLink - 200 null text/javascript; charset=UTF-8 44.3732ms
2025-08-14 00:41:05.917 +02:00 [INF] Executed DbCommand (11ms) [Parameters=[], CommandType='"Text"', CommandTimeout='30']
SELECT COUNT(*) FROM "sqlite_master" WHERE "name" = '__EFMigrationsHistory' AND "type" = 'table';
2025-08-14 00:41:05.956 +02:00 [INF] Executed DbCommand (0ms) [Parameters=[], CommandType='"Text"', CommandTimeout='30']
SELECT COUNT(*) FROM "sqlite_master" WHERE "name" = '__EFMigrationsHistory' AND "type" = 'table';
2025-08-14 00:41:05.974 +02:00 [INF] Executed DbCommand (1ms) [Parameters=[], CommandType='"Text"', CommandTimeout='30']
SELECT "MigrationId", "ProductVersion"
FROM "__EFMigrationsHistory"
ORDER BY "MigrationId";
2025-08-14 00:41:06.037 +02:00 [INF] No migrations were applied. The database is already up to date.
2025-08-14 00:41:06.151 +02:00 [INF] Executed DbCommand (0ms) [Parameters=[], CommandType='"Text"', CommandTimeout='30']
SELECT EXISTS (
    SELECT 1
    FROM "Events" AS "e")
2025-08-14 00:41:06.160 +02:00 [INF] Executed DbCommand (0ms) [Parameters=[], CommandType='"Text"', CommandTimeout='30']
SELECT EXISTS (
    SELECT 1
    FROM "Donationer" AS "d")
2025-08-14 00:41:06.163 +02:00 [INF] Executed DbCommand (0ms) [Parameters=[], CommandType='"Text"', CommandTimeout='30']
SELECT EXISTS (
    SELECT 1
    FROM "Kontakter" AS "k")
2025-08-14 00:41:06.166 +02:00 [INF] Executed DbCommand (0ms) [Parameters=[], CommandType='"Text"', CommandTimeout='30']
SELECT EXISTS (
    SELECT 1
    FROM "Om" AS "o")
2025-08-14 00:41:06.270 +02:00 [INF] User profile is available. Using 'C:\Users\somal\AppData\Local\ASP.NET\DataProtection-Keys' as key repository and Windows DPAPI to encrypt keys at rest.
2025-08-14 00:41:06.501 +02:00 [INF] Now listening on: https://localhost:7239
2025-08-14 00:41:06.502 +02:00 [INF] Now listening on: http://localhost:5225
2025-08-14 00:41:06.560 +02:00 [INF] Application started. Press Ctrl+C to shut down.
2025-08-14 00:41:06.562 +02:00 [INF] Hosting environment: Development
2025-08-14 00:41:06.563 +02:00 [INF] Content root path: C:\Users\somal\Desktop\Projekt\ForeningWeb\ForeningWeb
2025-08-14 00:41:07.079 +02:00 [INF] Request starting HTTP/2 GET https://localhost:7239/ - null null
2025-08-14 00:41:07.247 +02:00 [INF] Executing endpoint '/Index'
2025-08-14 00:41:07.380 +02:00 [INF] Route matched with {page = "/Index"}. Executing page /Index
2025-08-14 00:41:07.395 +02:00 [INF] Executing handler method ForeningWeb.Pages.IndexModel.OnGet - ModelState is "Valid"
2025-08-14 00:41:07.399 +02:00 [INF] Executed handler method OnGet, returned result .
2025-08-14 00:41:07.403 +02:00 [INF] Executing an implicit handler method - ModelState is "Valid"
2025-08-14 00:41:07.406 +02:00 [INF] Executed an implicit handler method, returned result Microsoft.AspNetCore.Mvc.RazorPages.PageResult.
2025-08-14 00:41:07.492 +02:00 [INF] Executed page /Index in 106.7459ms
2025-08-14 00:41:07.509 +02:00 [INF] Request starting HTTP/2 GET https://localhost:7239/_framework/aspnetcore-browser-refresh.js - null null
2025-08-14 00:41:07.509 +02:00 [INF] Request starting HTTP/2 GET https://localhost:7239/_vs/browserLink - null null
2025-08-14 00:41:07.711 +02:00 [INF] Executed endpoint '/Index'
2025-08-14 00:41:07.739 +02:00 [INF] Request finished HTTP/2 GET https://localhost:7239/_framework/aspnetcore-browser-refresh.js - 200 16507 application/javascript; charset=utf-8 229.2009ms
2025-08-14 00:41:07.791 +02:00 [INF] Request finished HTTP/2 GET https://localhost:7239/ - 200 null text/html; charset=utf-8 727.8272ms
2025-08-14 00:41:07.813 +02:00 [INF] Request finished HTTP/2 GET https://localhost:7239/_vs/browserLink - 200 null text/javascript; charset=UTF-8 303.7297ms
