2025-09-01 09:26:07.712 +02:00 [INF] Executed DbCommand (58ms) [Parameters=[], CommandType='"Text"', CommandTimeout='30']
SELECT COUNT(*) FROM "sqlite_master" WHERE "name" = '__EFMigrationsHistory' AND "type" = 'table';
2025-09-01 09:26:08.740 +02:00 [INF] Executed DbCommand (0ms) [Parameters=[], CommandType='"Text"', CommandTimeout='30']
SELECT COUNT(*) FROM "sqlite_master" WHERE "name" = '__EFMigrationsHistory' AND "type" = 'table';
2025-09-01 09:26:08.957 +02:00 [INF] Executed DbCommand (1ms) [Parameters=[], CommandType='"Text"', CommandTimeout='30']
SELECT "MigrationId", "ProductVersion"
FROM "__EFMigrationsHistory"
ORDER BY "MigrationId";
2025-09-01 09:26:09.106 +02:00 [INF] No migrations were applied. The database is already up to date.
2025-09-01 09:26:09.614 +02:00 [INF] Executed DbCommand (0ms) [Parameters=[], CommandType='"Text"', CommandTimeout='30']
SELECT EXISTS (
    SELECT 1
    FROM "Events" AS "e")
2025-09-01 09:26:09.627 +02:00 [INF] Executed DbCommand (0ms) [Parameters=[], CommandType='"Text"', CommandTimeout='30']
SELECT EXISTS (
    SELECT 1
    FROM "Donationer" AS "d")
2025-09-01 09:26:09.637 +02:00 [INF] Executed DbCommand (0ms) [Parameters=[], CommandType='"Text"', CommandTimeout='30']
SELECT EXISTS (
    SELECT 1
    FROM "Kontakter" AS "k")
2025-09-01 09:26:09.646 +02:00 [INF] Executed DbCommand (0ms) [Parameters=[], CommandType='"Text"', CommandTimeout='30']
SELECT EXISTS (
    SELECT 1
    FROM "Om" AS "o")
2025-09-01 09:26:09.920 +02:00 [INF] User profile is available. Using 'C:\Users\somal\AppData\Local\ASP.NET\DataProtection-Keys' as key repository and Windows DPAPI to encrypt keys at rest.
2025-09-01 09:26:10.710 +02:00 [INF] Now listening on: https://localhost:7239
2025-09-01 09:26:10.714 +02:00 [INF] Now listening on: http://localhost:5225
2025-09-01 09:26:10.873 +02:00 [INF] Application started. Press Ctrl+C to shut down.
2025-09-01 09:26:10.878 +02:00 [INF] Hosting environment: Development
2025-09-01 09:26:10.881 +02:00 [INF] Content root path: C:\Users\somal\Desktop\Projekt\ForeningWeb\ForeningWeb
2025-09-01 09:26:14.997 +02:00 [INF] Request starting HTTP/2 GET https://localhost:7239/ - null null
2025-09-01 09:26:15.323 +02:00 [INF] Executing endpoint '/Index'
2025-09-01 09:26:15.386 +02:00 [INF] Route matched with {page = "/Index"}. Executing page /Index
2025-09-01 09:26:15.407 +02:00 [INF] Executing handler method ForeningWeb.Pages.IndexModel.OnGetAsync - ModelState is "Valid"
2025-09-01 09:26:15.500 +02:00 [INF] Executed DbCommand (3ms) [Parameters=[], CommandType='"Text"', CommandTimeout='30']
SELECT "e"."Id", "e"."Beskrivelse", "e"."Dato", "e"."ImageUrl", "e"."Tidspunkt", "e"."Titel"
FROM "Events" AS "e"
ORDER BY "e"."Dato" DESC
2025-09-01 09:26:15.577 +02:00 [INF] Executed handler method OnGetAsync, returned result .
2025-09-01 09:26:15.583 +02:00 [INF] Executing an implicit handler method - ModelState is "Valid"
2025-09-01 09:26:15.585 +02:00 [INF] Executed an implicit handler method, returned result Microsoft.AspNetCore.Mvc.RazorPages.PageResult.
2025-09-01 09:26:15.847 +02:00 [INF] Executed page /Index in 429.213ms
2025-09-01 09:26:15.864 +02:00 [INF] Request starting HTTP/2 GET https://localhost:7239/ForeningWeb.styles.css?v=Ea0xW-sqy4ukyFcKx-tgSZ-ZW7uiljb7xEKxLChnHXU - null null
2025-09-01 09:26:15.889 +02:00 [INF] Executed endpoint '/Index'
2025-09-01 09:26:15.866 +02:00 [INF] Request starting HTTP/2 GET https://localhost:7239/lib/jquery/dist/jquery.min.js - null null
2025-09-01 09:26:15.941 +02:00 [INF] The file /ForeningWeb.styles.css was not modified
2025-09-01 09:26:15.944 +02:00 [INF] The file /lib/jquery/dist/jquery.min.js was not modified
2025-09-01 09:26:15.866 +02:00 [INF] Request starting HTTP/2 GET https://localhost:7239/Images/Mosque-sunset.jpg - null null
2025-09-01 09:26:15.864 +02:00 [INF] Request starting HTTP/2 GET https://localhost:7239/lib/bootstrap/dist/css/bootstrap.min.css - null null
2025-09-01 09:26:15.864 +02:00 [INF] Request starting HTTP/2 GET https://localhost:7239/css/site.css?v=xbivdCXNWfUBu_Yp9SxJopLt96YQTKyL9HPCVd6WCPU - null null
2025-09-01 09:26:15.880 +02:00 [INF] Request starting HTTP/2 GET https://localhost:7239/lib/bootstrap/dist/js/bootstrap.bundle.min.js - null null
2025-09-01 09:26:15.894 +02:00 [INF] Request starting HTTP/2 GET https://localhost:7239/_framework/aspnetcore-browser-refresh.js - null null
2025-09-01 09:26:15.913 +02:00 [INF] Request starting HTTP/2 GET https://localhost:7239/js/site.js?v=hRQyftXiu1lLX2P9Ly9xa4gHJgLeR1uGN5qegUobtGo - null null
2025-09-01 09:26:15.995 +02:00 [INF] Request finished HTTP/2 GET https://localhost:7239/ - 200 null text/html; charset=utf-8 1012.0007ms
2025-09-01 09:26:15.993 +02:00 [INF] Request finished HTTP/2 GET https://localhost:7239/lib/jquery/dist/jquery.min.js - 304 null text/javascript 125.7374ms
2025-09-01 09:26:15.993 +02:00 [INF] Request finished HTTP/2 GET https://localhost:7239/ForeningWeb.styles.css?v=Ea0xW-sqy4ukyFcKx-tgSZ-ZW7uiljb7xEKxLChnHXU - 304 null text/css 128.02ms
2025-09-01 09:26:15.999 +02:00 [INF] The file /Images/Mosque-sunset.jpg was not modified
2025-09-01 09:26:16.007 +02:00 [INF] The file /lib/bootstrap/dist/css/bootstrap.min.css was not modified
2025-09-01 09:26:16.013 +02:00 [INF] The file /css/site.css was not modified
2025-09-01 09:26:16.019 +02:00 [INF] The file /lib/bootstrap/dist/js/bootstrap.bundle.min.js was not modified
2025-09-01 09:26:15.927 +02:00 [INF] Request starting HTTP/2 GET https://localhost:7239/_vs/browserLink - null null
2025-09-01 09:26:16.030 +02:00 [INF] The file /js/site.js was not modified
2025-09-01 09:26:16.077 +02:00 [INF] Request finished HTTP/2 GET https://localhost:7239/js/site.js?v=hRQyftXiu1lLX2P9Ly9xa4gHJgLeR1uGN5qegUobtGo - 304 null text/javascript 164.4854ms
2025-09-01 09:26:16.060 +02:00 [INF] Request finished HTTP/2 GET https://localhost:7239/Images/Mosque-sunset.jpg - 304 null image/jpeg 194.9362ms
2025-09-01 09:26:16.063 +02:00 [INF] Request finished HTTP/2 GET https://localhost:7239/lib/bootstrap/dist/css/bootstrap.min.css - 304 null text/css 199.6925ms
2025-09-01 09:26:16.066 +02:00 [INF] Request finished HTTP/2 GET https://localhost:7239/css/site.css?v=xbivdCXNWfUBu_Yp9SxJopLt96YQTKyL9HPCVd6WCPU - 304 null text/css 202.6321ms
2025-09-01 09:26:16.069 +02:00 [INF] Request finished HTTP/2 GET https://localhost:7239/lib/bootstrap/dist/js/bootstrap.bundle.min.js - 304 null text/javascript 189.0435ms
2025-09-01 09:26:16.030 +02:00 [INF] Request finished HTTP/2 GET https://localhost:7239/_framework/aspnetcore-browser-refresh.js - 200 16507 application/javascript; charset=utf-8 136.3113ms
2025-09-01 09:26:16.191 +02:00 [INF] Request finished HTTP/2 GET https://localhost:7239/_vs/browserLink - 200 null text/javascript; charset=UTF-8 265.1477ms
2025-09-01 09:28:02.807 +02:00 [INF] Executed DbCommand (41ms) [Parameters=[], CommandType='"Text"', CommandTimeout='30']
SELECT COUNT(*) FROM "sqlite_master" WHERE "name" = '__EFMigrationsHistory' AND "type" = 'table';
2025-09-01 09:28:02.927 +02:00 [INF] Executed DbCommand (0ms) [Parameters=[], CommandType='"Text"', CommandTimeout='30']
SELECT COUNT(*) FROM "sqlite_master" WHERE "name" = '__EFMigrationsHistory' AND "type" = 'table';
2025-09-01 09:28:02.974 +02:00 [INF] Executed DbCommand (1ms) [Parameters=[], CommandType='"Text"', CommandTimeout='30']
SELECT "MigrationId", "ProductVersion"
FROM "__EFMigrationsHistory"
ORDER BY "MigrationId";
2025-09-01 09:28:03.014 +02:00 [INF] No migrations were applied. The database is already up to date.
2025-09-01 09:28:03.181 +02:00 [INF] Executed DbCommand (0ms) [Parameters=[], CommandType='"Text"', CommandTimeout='30']
SELECT EXISTS (
    SELECT 1
    FROM "Events" AS "e")
2025-09-01 09:28:03.193 +02:00 [INF] Executed DbCommand (0ms) [Parameters=[], CommandType='"Text"', CommandTimeout='30']
SELECT EXISTS (
    SELECT 1
    FROM "Donationer" AS "d")
2025-09-01 09:28:03.201 +02:00 [INF] Executed DbCommand (0ms) [Parameters=[], CommandType='"Text"', CommandTimeout='30']
SELECT EXISTS (
    SELECT 1
    FROM "Kontakter" AS "k")
2025-09-01 09:28:03.216 +02:00 [INF] Executed DbCommand (0ms) [Parameters=[], CommandType='"Text"', CommandTimeout='30']
SELECT EXISTS (
    SELECT 1
    FROM "Om" AS "o")
2025-09-01 09:28:03.568 +02:00 [INF] User profile is available. Using 'C:\Users\somal\AppData\Local\ASP.NET\DataProtection-Keys' as key repository and Windows DPAPI to encrypt keys at rest.
2025-09-01 09:28:04.407 +02:00 [INF] Now listening on: https://localhost:7239
2025-09-01 09:28:04.411 +02:00 [INF] Now listening on: http://localhost:5225
2025-09-01 09:28:04.552 +02:00 [INF] Application started. Press Ctrl+C to shut down.
2025-09-01 09:28:04.565 +02:00 [INF] Hosting environment: Development
2025-09-01 09:28:04.569 +02:00 [INF] Content root path: C:\Users\somal\Desktop\Projekt\ForeningWeb\ForeningWeb
2025-09-01 09:28:05.011 +02:00 [INF] Request starting HTTP/2 GET https://localhost:7239/ - null null
2025-09-01 09:28:05.222 +02:00 [INF] Executing endpoint '/Index'
2025-09-01 09:28:05.271 +02:00 [INF] Route matched with {page = "/Index"}. Executing page /Index
2025-09-01 09:28:05.290 +02:00 [INF] Executing handler method ForeningWeb.Pages.IndexModel.OnGetAsync - ModelState is "Valid"
2025-09-01 09:28:05.399 +02:00 [INF] Executed DbCommand (3ms) [Parameters=[], CommandType='"Text"', CommandTimeout='30']
SELECT "e"."Id", "e"."Beskrivelse", "e"."Dato", "e"."ImageUrl", "e"."Tidspunkt", "e"."Titel"
FROM "Events" AS "e"
ORDER BY "e"."Dato" DESC
2025-09-01 09:28:05.473 +02:00 [INF] Executed handler method OnGetAsync, returned result .
2025-09-01 09:28:05.480 +02:00 [INF] Executing an implicit handler method - ModelState is "Valid"
2025-09-01 09:28:05.483 +02:00 [INF] Executed an implicit handler method, returned result Microsoft.AspNetCore.Mvc.RazorPages.PageResult.
2025-09-01 09:28:05.638 +02:00 [INF] Request starting HTTP/2 GET https://localhost:7239/_vs/browserLink - null null
2025-09-01 09:28:05.638 +02:00 [INF] Request starting HTTP/2 GET https://localhost:7239/_framework/aspnetcore-browser-refresh.js - null null
2025-09-01 09:28:05.638 +02:00 [INF] Executed page /Index in 355.4316ms
2025-09-01 09:28:05.670 +02:00 [INF] Executed endpoint '/Index'
2025-09-01 09:28:05.693 +02:00 [INF] Request finished HTTP/2 GET https://localhost:7239/_framework/aspnetcore-browser-refresh.js - 200 16507 application/javascript; charset=utf-8 49.8964ms
2025-09-01 09:28:05.707 +02:00 [INF] Request finished HTTP/2 GET https://localhost:7239/ - 200 null text/html; charset=utf-8 706.783ms
2025-09-01 09:28:05.758 +02:00 [INF] Request finished HTTP/2 GET https://localhost:7239/_vs/browserLink - 200 null text/javascript; charset=UTF-8 120.0661ms
2025-09-01 09:34:35.407 +02:00 [INF] Executed DbCommand (29ms) [Parameters=[], CommandType='"Text"', CommandTimeout='30']
SELECT COUNT(*) FROM "sqlite_master" WHERE "name" = '__EFMigrationsHistory' AND "type" = 'table';
2025-09-01 09:34:35.440 +02:00 [INF] Executed DbCommand (1ms) [Parameters=[], CommandType='"Text"', CommandTimeout='30']
SELECT COUNT(*) FROM "sqlite_master" WHERE "name" = '__EFMigrationsHistory' AND "type" = 'table';
2025-09-01 09:34:35.452 +02:00 [INF] Executed DbCommand (0ms) [Parameters=[], CommandType='"Text"', CommandTimeout='30']
SELECT "MigrationId", "ProductVersion"
FROM "__EFMigrationsHistory"
ORDER BY "MigrationId";
2025-09-01 09:34:35.477 +02:00 [INF] No migrations were applied. The database is already up to date.
2025-09-01 09:34:35.586 +02:00 [INF] Executed DbCommand (0ms) [Parameters=[], CommandType='"Text"', CommandTimeout='30']
SELECT EXISTS (
    SELECT 1
    FROM "Events" AS "e")
2025-09-01 09:34:35.592 +02:00 [INF] Executed DbCommand (0ms) [Parameters=[], CommandType='"Text"', CommandTimeout='30']
SELECT EXISTS (
    SELECT 1
    FROM "Donationer" AS "d")
2025-09-01 09:34:35.598 +02:00 [INF] Executed DbCommand (0ms) [Parameters=[], CommandType='"Text"', CommandTimeout='30']
SELECT EXISTS (
    SELECT 1
    FROM "Kontakter" AS "k")
2025-09-01 09:34:35.601 +02:00 [INF] Executed DbCommand (0ms) [Parameters=[], CommandType='"Text"', CommandTimeout='30']
SELECT EXISTS (
    SELECT 1
    FROM "Om" AS "o")
2025-09-01 09:34:35.679 +02:00 [INF] User profile is available. Using 'C:\Users\somal\AppData\Local\ASP.NET\DataProtection-Keys' as key repository and Windows DPAPI to encrypt keys at rest.
2025-09-01 09:34:35.868 +02:00 [INF] Now listening on: https://localhost:7239
2025-09-01 09:34:35.869 +02:00 [INF] Now listening on: http://localhost:5225
2025-09-01 09:34:35.911 +02:00 [INF] Application started. Press Ctrl+C to shut down.
2025-09-01 09:34:35.912 +02:00 [INF] Hosting environment: Development
2025-09-01 09:34:35.913 +02:00 [INF] Content root path: C:\Users\somal\Desktop\Projekt\ForeningWeb\ForeningWeb
2025-09-01 09:34:36.138 +02:00 [INF] Request starting HTTP/2 GET https://localhost:7239/ - null null
2025-09-01 09:34:36.277 +02:00 [INF] Executing endpoint '/Index'
2025-09-01 09:34:36.300 +02:00 [INF] Route matched with {page = "/Index"}. Executing page /Index
2025-09-01 09:34:36.309 +02:00 [INF] Executing handler method ForeningWeb.Pages.IndexModel.OnGetAsync - ModelState is "Valid"
2025-09-01 09:34:36.353 +02:00 [INF] Executed DbCommand (1ms) [Parameters=[], CommandType='"Text"', CommandTimeout='30']
SELECT "e"."Id", "e"."Beskrivelse", "e"."Dato", "e"."ImageUrl", "e"."Tidspunkt", "e"."Titel"
FROM "Events" AS "e"
ORDER BY "e"."Dato" DESC
2025-09-01 09:34:36.391 +02:00 [INF] Executed handler method OnGetAsync, returned result .
2025-09-01 09:34:36.394 +02:00 [INF] Executing an implicit handler method - ModelState is "Valid"
2025-09-01 09:34:36.396 +02:00 [INF] Executed an implicit handler method, returned result Microsoft.AspNetCore.Mvc.RazorPages.PageResult.
2025-09-01 09:34:36.477 +02:00 [INF] Request starting HTTP/2 GET https://localhost:7239/_vs/browserLink - null null
2025-09-01 09:34:36.477 +02:00 [INF] Request starting HTTP/2 GET https://localhost:7239/_framework/aspnetcore-browser-refresh.js - null null
2025-09-01 09:34:36.483 +02:00 [INF] Executed page /Index in 177.5766ms
2025-09-01 09:34:36.495 +02:00 [INF] Executed endpoint '/Index'
2025-09-01 09:34:36.498 +02:00 [INF] Request finished HTTP/2 GET https://localhost:7239/_framework/aspnetcore-browser-refresh.js - 200 16507 application/javascript; charset=utf-8 20.2212ms
2025-09-01 09:34:36.506 +02:00 [INF] Request finished HTTP/2 GET https://localhost:7239/ - 200 null text/html; charset=utf-8 373.1028ms
2025-09-01 09:34:36.527 +02:00 [INF] Request finished HTTP/2 GET https://localhost:7239/_vs/browserLink - 200 null text/javascript; charset=UTF-8 51.0458ms
2025-09-01 09:39:14.500 +02:00 [INF] Executed DbCommand (25ms) [Parameters=[], CommandType='"Text"', CommandTimeout='30']
SELECT COUNT(*) FROM "sqlite_master" WHERE "name" = '__EFMigrationsHistory' AND "type" = 'table';
2025-09-01 09:39:14.542 +02:00 [INF] Executed DbCommand (0ms) [Parameters=[], CommandType='"Text"', CommandTimeout='30']
SELECT COUNT(*) FROM "sqlite_master" WHERE "name" = '__EFMigrationsHistory' AND "type" = 'table';
2025-09-01 09:39:14.575 +02:00 [INF] Executed DbCommand (1ms) [Parameters=[], CommandType='"Text"', CommandTimeout='30']
SELECT "MigrationId", "ProductVersion"
FROM "__EFMigrationsHistory"
ORDER BY "MigrationId";
2025-09-01 09:39:14.618 +02:00 [INF] No migrations were applied. The database is already up to date.
2025-09-01 09:39:14.738 +02:00 [INF] Executed DbCommand (0ms) [Parameters=[], CommandType='"Text"', CommandTimeout='30']
SELECT EXISTS (
    SELECT 1
    FROM "Events" AS "e")
2025-09-01 09:39:14.745 +02:00 [INF] Executed DbCommand (0ms) [Parameters=[], CommandType='"Text"', CommandTimeout='30']
SELECT EXISTS (
    SELECT 1
    FROM "Donationer" AS "d")
2025-09-01 09:39:14.750 +02:00 [INF] Executed DbCommand (0ms) [Parameters=[], CommandType='"Text"', CommandTimeout='30']
SELECT EXISTS (
    SELECT 1
    FROM "Kontakter" AS "k")
2025-09-01 09:39:14.755 +02:00 [INF] Executed DbCommand (0ms) [Parameters=[], CommandType='"Text"', CommandTimeout='30']
SELECT EXISTS (
    SELECT 1
    FROM "Om" AS "o")
2025-09-01 09:39:14.845 +02:00 [INF] User profile is available. Using 'C:\Users\somal\AppData\Local\ASP.NET\DataProtection-Keys' as key repository and Windows DPAPI to encrypt keys at rest.
2025-09-01 09:39:15.085 +02:00 [INF] Now listening on: https://localhost:7239
2025-09-01 09:39:15.086 +02:00 [INF] Now listening on: http://localhost:5225
2025-09-01 09:39:15.138 +02:00 [INF] Application started. Press Ctrl+C to shut down.
2025-09-01 09:39:15.139 +02:00 [INF] Hosting environment: Development
2025-09-01 09:39:15.140 +02:00 [INF] Content root path: C:\Users\somal\Desktop\Projekt\ForeningWeb\ForeningWeb
2025-09-01 09:39:15.812 +02:00 [INF] Request starting HTTP/2 GET https://localhost:7239/ - null null
2025-09-01 09:39:15.962 +02:00 [INF] Executing endpoint '/Index'
2025-09-01 09:39:15.986 +02:00 [INF] Route matched with {page = "/Index"}. Executing page /Index
2025-09-01 09:39:15.997 +02:00 [INF] Executing handler method ForeningWeb.Pages.IndexModel.OnGetAsync - ModelState is "Valid"
2025-09-01 09:39:16.059 +02:00 [INF] Executed DbCommand (2ms) [Parameters=[], CommandType='"Text"', CommandTimeout='30']
SELECT "e"."Id", "e"."Beskrivelse", "e"."Dato", "e"."ImageUrl", "e"."Tidspunkt", "e"."Titel"
FROM "Events" AS "e"
ORDER BY "e"."Dato" DESC
2025-09-01 09:39:16.100 +02:00 [INF] Executed handler method OnGetAsync, returned result .
2025-09-01 09:39:16.105 +02:00 [INF] Executing an implicit handler method - ModelState is "Valid"
2025-09-01 09:39:16.107 +02:00 [INF] Executed an implicit handler method, returned result Microsoft.AspNetCore.Mvc.RazorPages.PageResult.
2025-09-01 09:39:16.199 +02:00 [INF] Request starting HTTP/2 GET https://localhost:7239/_framework/aspnetcore-browser-refresh.js - null null
2025-09-01 09:39:16.199 +02:00 [INF] Request starting HTTP/2 GET https://localhost:7239/_vs/browserLink - null null
2025-09-01 09:39:16.207 +02:00 [INF] Executed page /Index in 213.1852ms
2025-09-01 09:39:16.216 +02:00 [INF] Request finished HTTP/2 GET https://localhost:7239/_framework/aspnetcore-browser-refresh.js - 200 16507 application/javascript; charset=utf-8 16.7645ms
2025-09-01 09:39:16.218 +02:00 [INF] Executed endpoint '/Index'
2025-09-01 09:39:16.250 +02:00 [INF] Request finished HTTP/2 GET https://localhost:7239/ - 200 null text/html; charset=utf-8 446.5734ms
2025-09-01 09:39:16.278 +02:00 [INF] Request finished HTTP/2 GET https://localhost:7239/_vs/browserLink - 200 null text/javascript; charset=UTF-8 79.7813ms
2025-09-01 10:53:06.061 +02:00 [INF] Executed DbCommand (32ms) [Parameters=[], CommandType='"Text"', CommandTimeout='30']
SELECT COUNT(*) FROM "sqlite_master" WHERE "name" = '__EFMigrationsHistory' AND "type" = 'table';
2025-09-01 10:53:07.021 +02:00 [INF] Executed DbCommand (0ms) [Parameters=[], CommandType='"Text"', CommandTimeout='30']
SELECT COUNT(*) FROM "sqlite_master" WHERE "name" = '__EFMigrationsHistory' AND "type" = 'table';
2025-09-01 10:53:07.259 +02:00 [INF] Executed DbCommand (1ms) [Parameters=[], CommandType='"Text"', CommandTimeout='30']
SELECT "MigrationId", "ProductVersion"
FROM "__EFMigrationsHistory"
ORDER BY "MigrationId";
2025-09-01 10:53:07.922 +02:00 [INF] No migrations were applied. The database is already up to date.
2025-09-01 10:53:08.195 +02:00 [INF] Executed DbCommand (0ms) [Parameters=[], CommandType='"Text"', CommandTimeout='30']
SELECT EXISTS (
    SELECT 1
    FROM "Events" AS "e")
2025-09-01 10:53:08.538 +02:00 [INF] Executed DbCommand (0ms) [Parameters=[], CommandType='"Text"', CommandTimeout='30']
SELECT EXISTS (
    SELECT 1
    FROM "Donationer" AS "d")
2025-09-01 10:53:08.580 +02:00 [INF] Executed DbCommand (0ms) [Parameters=[], CommandType='"Text"', CommandTimeout='30']
SELECT EXISTS (
    SELECT 1
    FROM "Kontakter" AS "k")
2025-09-01 10:53:08.591 +02:00 [INF] Executed DbCommand (0ms) [Parameters=[], CommandType='"Text"', CommandTimeout='30']
SELECT EXISTS (
    SELECT 1
    FROM "Om" AS "o")
2025-09-01 10:53:08.759 +02:00 [INF] User profile is available. Using 'C:\Users\somal\AppData\Local\ASP.NET\DataProtection-Keys' as key repository and Windows DPAPI to encrypt keys at rest.
2025-09-01 10:53:11.285 +02:00 [INF] Now listening on: https://localhost:7239
2025-09-01 10:53:11.393 +02:00 [INF] Now listening on: http://localhost:5225
2025-09-01 10:53:11.915 +02:00 [INF] Application started. Press Ctrl+C to shut down.
2025-09-01 10:53:12.047 +02:00 [INF] Hosting environment: Development
2025-09-01 10:53:12.144 +02:00 [INF] Request starting HTTP/2 GET https://localhost:7239/ - null null
2025-09-01 10:53:12.266 +02:00 [INF] Content root path: C:\Users\somal\Desktop\Projekt\ForeningWeb\ForeningWeb
2025-09-01 10:53:13.264 +02:00 [INF] Executing endpoint '/Index'
2025-09-01 10:53:13.772 +02:00 [INF] Route matched with {page = "/Index"}. Executing page /Index
2025-09-01 10:53:14.013 +02:00 [INF] Executing handler method ForeningWeb.Pages.IndexModel.OnGetAsync - ModelState is "Valid"
2025-09-01 10:53:15.438 +02:00 [INF] Executed DbCommand (3ms) [Parameters=[], CommandType='"Text"', CommandTimeout='30']
SELECT "e"."Id", "e"."Beskrivelse", "e"."Dato", "e"."ImageUrl", "e"."Tidspunkt", "e"."Titel"
FROM "Events" AS "e"
ORDER BY "e"."Dato" DESC
2025-09-01 10:53:16.583 +02:00 [INF] Executed handler method OnGetAsync, returned result .
2025-09-01 10:53:16.588 +02:00 [INF] Executing an implicit handler method - ModelState is "Valid"
2025-09-01 10:53:16.589 +02:00 [INF] Executed an implicit handler method, returned result Microsoft.AspNetCore.Mvc.RazorPages.PageResult.
2025-09-01 10:53:17.687 +02:00 [INF] Executed page /Index in 3686.2515ms
2025-09-01 10:53:17.697 +02:00 [INF] Executed endpoint '/Index'
2025-09-01 10:53:17.706 +02:00 [INF] Request starting HTTP/2 GET https://localhost:7239/_framework/aspnetcore-browser-refresh.js - null null
2025-09-01 10:53:17.706 +02:00 [INF] Request starting HTTP/2 GET https://localhost:7239/_vs/browserLink - null null
2025-09-01 10:53:17.768 +02:00 [INF] Request finished HTTP/2 GET https://localhost:7239/ - 200 null text/html; charset=utf-8 5634.2673ms
2025-09-01 10:53:17.769 +02:00 [INF] Request finished HTTP/2 GET https://localhost:7239/_framework/aspnetcore-browser-refresh.js - 200 16507 application/javascript; charset=utf-8 60.8873ms
2025-09-01 10:53:18.215 +02:00 [INF] Request finished HTTP/2 GET https://localhost:7239/_vs/browserLink - 200 null text/javascript; charset=UTF-8 508.3977ms
2025-09-01 11:05:03.830 +02:00 [INF] Executed DbCommand (18ms) [Parameters=[], CommandType='"Text"', CommandTimeout='30']
SELECT COUNT(*) FROM "sqlite_master" WHERE "name" = '__EFMigrationsHistory' AND "type" = 'table';
2025-09-01 11:05:03.902 +02:00 [INF] Executed DbCommand (0ms) [Parameters=[], CommandType='"Text"', CommandTimeout='30']
SELECT COUNT(*) FROM "sqlite_master" WHERE "name" = '__EFMigrationsHistory' AND "type" = 'table';
2025-09-01 11:05:03.949 +02:00 [INF] Executed DbCommand (1ms) [Parameters=[], CommandType='"Text"', CommandTimeout='30']
SELECT "MigrationId", "ProductVersion"
FROM "__EFMigrationsHistory"
ORDER BY "MigrationId";
2025-09-01 11:05:04.041 +02:00 [INF] No migrations were applied. The database is already up to date.
2025-09-01 11:05:04.388 +02:00 [INF] Executed DbCommand (0ms) [Parameters=[], CommandType='"Text"', CommandTimeout='30']
SELECT EXISTS (
    SELECT 1
    FROM "Events" AS "e")
2025-09-01 11:05:04.422 +02:00 [INF] Executed DbCommand (0ms) [Parameters=[], CommandType='"Text"', CommandTimeout='30']
SELECT EXISTS (
    SELECT 1
    FROM "Donationer" AS "d")
2025-09-01 11:05:04.439 +02:00 [INF] Executed DbCommand (0ms) [Parameters=[], CommandType='"Text"', CommandTimeout='30']
SELECT EXISTS (
    SELECT 1
    FROM "Kontakter" AS "k")
2025-09-01 11:05:04.456 +02:00 [INF] Executed DbCommand (0ms) [Parameters=[], CommandType='"Text"', CommandTimeout='30']
SELECT EXISTS (
    SELECT 1
    FROM "Om" AS "o")
2025-09-01 11:05:04.714 +02:00 [INF] User profile is available. Using 'C:\Users\somal\AppData\Local\ASP.NET\DataProtection-Keys' as key repository and Windows DPAPI to encrypt keys at rest.
2025-09-01 11:05:05.583 +02:00 [INF] Now listening on: https://localhost:7239
2025-09-01 11:05:05.585 +02:00 [INF] Now listening on: http://localhost:5225
2025-09-01 11:05:05.658 +02:00 [INF] Application started. Press Ctrl+C to shut down.
2025-09-01 11:05:05.662 +02:00 [INF] Hosting environment: Development
2025-09-01 11:05:05.665 +02:00 [INF] Content root path: C:\Users\somal\Desktop\Projekt\ForeningWeb\ForeningWeb
2025-09-01 11:05:06.703 +02:00 [INF] Request starting HTTP/2 GET https://localhost:7239/ - null null
2025-09-01 11:05:07.970 +02:00 [INF] Executing endpoint '/Index'
2025-09-01 11:05:08.814 +02:00 [INF] Route matched with {page = "/Index"}. Executing page /Index
2025-09-01 11:05:09.041 +02:00 [INF] Executing handler method ForeningWeb.Pages.IndexModel.OnGetAsync - ModelState is "Valid"
2025-09-01 11:05:09.185 +02:00 [INF] Executed DbCommand (2ms) [Parameters=[], CommandType='"Text"', CommandTimeout='30']
SELECT "e"."Id", "e"."Beskrivelse", "e"."Dato", "e"."ImageUrl", "e"."Tidspunkt", "e"."Titel"
FROM "Events" AS "e"
ORDER BY "e"."Dato" DESC
2025-09-01 11:05:09.269 +02:00 [INF] Executed handler method OnGetAsync, returned result .
2025-09-01 11:05:09.276 +02:00 [INF] Executing an implicit handler method - ModelState is "Valid"
2025-09-01 11:05:09.279 +02:00 [INF] Executed an implicit handler method, returned result Microsoft.AspNetCore.Mvc.RazorPages.PageResult.
2025-09-01 11:05:09.424 +02:00 [INF] Executed page /Index in 387.3742ms
2025-09-01 11:05:09.427 +02:00 [INF] Request starting HTTP/2 GET https://localhost:7239/_vs/browserLink - null null
2025-09-01 11:05:09.427 +02:00 [INF] Request starting HTTP/2 GET https://localhost:7239/_framework/aspnetcore-browser-refresh.js - null null
2025-09-01 11:05:09.432 +02:00 [INF] Executed endpoint '/Index'
2025-09-01 11:05:09.479 +02:00 [INF] Request finished HTTP/2 GET https://localhost:7239/_framework/aspnetcore-browser-refresh.js - 200 16507 application/javascript; charset=utf-8 50.6793ms
2025-09-01 11:05:09.486 +02:00 [INF] Request finished HTTP/2 GET https://localhost:7239/ - 200 null text/html; charset=utf-8 2799.1051ms
2025-09-01 11:05:09.542 +02:00 [INF] Request finished HTTP/2 GET https://localhost:7239/_vs/browserLink - 200 null text/javascript; charset=UTF-8 115.913ms
2025-09-01 11:07:30.226 +02:00 [INF] Executed DbCommand (52ms) [Parameters=[], CommandType='"Text"', CommandTimeout='30']
SELECT COUNT(*) FROM "sqlite_master" WHERE "name" = '__EFMigrationsHistory' AND "type" = 'table';
2025-09-01 11:07:30.370 +02:00 [INF] Executed DbCommand (0ms) [Parameters=[], CommandType='"Text"', CommandTimeout='30']
SELECT COUNT(*) FROM "sqlite_master" WHERE "name" = '__EFMigrationsHistory' AND "type" = 'table';
2025-09-01 11:07:30.480 +02:00 [INF] Executed DbCommand (1ms) [Parameters=[], CommandType='"Text"', CommandTimeout='30']
SELECT "MigrationId", "ProductVersion"
FROM "__EFMigrationsHistory"
ORDER BY "MigrationId";
2025-09-01 11:07:30.631 +02:00 [INF] No migrations were applied. The database is already up to date.
2025-09-01 11:07:30.887 +02:00 [INF] Executed DbCommand (0ms) [Parameters=[], CommandType='"Text"', CommandTimeout='30']
SELECT EXISTS (
    SELECT 1
    FROM "Events" AS "e")
2025-09-01 11:07:30.897 +02:00 [INF] Executed DbCommand (0ms) [Parameters=[], CommandType='"Text"', CommandTimeout='30']
SELECT EXISTS (
    SELECT 1
    FROM "Donationer" AS "d")
2025-09-01 11:07:30.906 +02:00 [INF] Executed DbCommand (0ms) [Parameters=[], CommandType='"Text"', CommandTimeout='30']
SELECT EXISTS (
    SELECT 1
    FROM "Kontakter" AS "k")
2025-09-01 11:07:30.918 +02:00 [INF] Executed DbCommand (0ms) [Parameters=[], CommandType='"Text"', CommandTimeout='30']
SELECT EXISTS (
    SELECT 1
    FROM "Om" AS "o")
2025-09-01 11:07:31.049 +02:00 [INF] User profile is available. Using 'C:\Users\somal\AppData\Local\ASP.NET\DataProtection-Keys' as key repository and Windows DPAPI to encrypt keys at rest.
2025-09-01 11:07:31.546 +02:00 [INF] Now listening on: https://localhost:7239
2025-09-01 11:07:31.578 +02:00 [INF] Now listening on: http://localhost:5225
2025-09-01 11:07:31.672 +02:00 [INF] Application started. Press Ctrl+C to shut down.
2025-09-01 11:07:31.996 +02:00 [INF] Hosting environment: Development
2025-09-01 11:07:31.998 +02:00 [INF] Content root path: C:\Users\somal\Desktop\Projekt\ForeningWeb\ForeningWeb
2025-09-01 11:07:32.542 +02:00 [INF] Request starting HTTP/2 GET https://localhost:7239/ - null null
2025-09-01 11:07:32.806 +02:00 [INF] Executing endpoint '/Index'
2025-09-01 11:07:32.854 +02:00 [INF] Route matched with {page = "/Index"}. Executing page /Index
2025-09-01 11:07:32.873 +02:00 [INF] Executing handler method ForeningWeb.Pages.IndexModel.OnGetAsync - ModelState is "Valid"
2025-09-01 11:07:33.006 +02:00 [INF] Executed DbCommand (3ms) [Parameters=[], CommandType='"Text"', CommandTimeout='30']
SELECT "e"."Id", "e"."Beskrivelse", "e"."Dato", "e"."ImageUrl", "e"."Tidspunkt", "e"."Titel"
FROM "Events" AS "e"
ORDER BY "e"."Dato" DESC
2025-09-01 11:07:33.080 +02:00 [INF] Executed handler method OnGetAsync, returned result .
2025-09-01 11:07:33.086 +02:00 [INF] Executing an implicit handler method - ModelState is "Valid"
2025-09-01 11:07:33.090 +02:00 [INF] Executed an implicit handler method, returned result Microsoft.AspNetCore.Mvc.RazorPages.PageResult.
2025-09-01 11:07:33.408 +02:00 [INF] Request starting HTTP/2 GET https://localhost:7239/css/site.css?v=GzS7vcKc4W5rAwTmFjPFfYN3kPcVLFDFWuj_6xH0F3k - null null
2025-09-01 11:07:33.414 +02:00 [INF] Request starting HTTP/2 GET https://localhost:7239/_framework/aspnetcore-browser-refresh.js - null null
2025-09-01 11:07:33.615 +02:00 [INF] Sending file. Request path: '/css/site.css'. Physical path: 'C:\Users\somal\Desktop\Projekt\ForeningWeb\ForeningWeb\wwwroot\css\site.css'
2025-09-01 11:07:33.432 +02:00 [INF] Request starting HTTP/2 GET https://localhost:7239/_vs/browserLink - null null
2025-09-01 11:07:33.416 +02:00 [INF] Executed page /Index in 550.9349ms
2025-09-01 11:07:33.961 +02:00 [INF] Request finished HTTP/2 GET https://localhost:7239/_framework/aspnetcore-browser-refresh.js - 200 16507 application/javascript; charset=utf-8 545.8341ms
2025-09-01 11:07:33.961 +02:00 [INF] Request finished HTTP/2 GET https://localhost:7239/css/site.css?v=GzS7vcKc4W5rAwTmFjPFfYN3kPcVLFDFWuj_6xH0F3k - 200 1560 text/css 552.4419ms
2025-09-01 11:07:33.971 +02:00 [INF] Executed endpoint '/Index'
2025-09-01 11:07:34.115 +02:00 [INF] Request finished HTTP/2 GET https://localhost:7239/ - 200 null text/html; charset=utf-8 1586.3049ms
2025-09-01 11:07:34.514 +02:00 [INF] Request finished HTTP/2 GET https://localhost:7239/_vs/browserLink - 200 null text/javascript; charset=UTF-8 1082.0218ms
2025-09-01 11:09:38.933 +02:00 [INF] Executed DbCommand (25ms) [Parameters=[], CommandType='"Text"', CommandTimeout='30']
SELECT COUNT(*) FROM "sqlite_master" WHERE "name" = '__EFMigrationsHistory' AND "type" = 'table';
2025-09-01 11:09:38.985 +02:00 [INF] Executed DbCommand (0ms) [Parameters=[], CommandType='"Text"', CommandTimeout='30']
SELECT COUNT(*) FROM "sqlite_master" WHERE "name" = '__EFMigrationsHistory' AND "type" = 'table';
2025-09-01 11:09:39.002 +02:00 [INF] Executed DbCommand (0ms) [Parameters=[], CommandType='"Text"', CommandTimeout='30']
SELECT "MigrationId", "ProductVersion"
FROM "__EFMigrationsHistory"
ORDER BY "MigrationId";
2025-09-01 11:09:39.027 +02:00 [INF] No migrations were applied. The database is already up to date.
2025-09-01 11:09:39.143 +02:00 [INF] Executed DbCommand (0ms) [Parameters=[], CommandType='"Text"', CommandTimeout='30']
SELECT EXISTS (
    SELECT 1
    FROM "Events" AS "e")
2025-09-01 11:09:39.149 +02:00 [INF] Executed DbCommand (0ms) [Parameters=[], CommandType='"Text"', CommandTimeout='30']
SELECT EXISTS (
    SELECT 1
    FROM "Donationer" AS "d")
2025-09-01 11:09:39.155 +02:00 [INF] Executed DbCommand (0ms) [Parameters=[], CommandType='"Text"', CommandTimeout='30']
SELECT EXISTS (
    SELECT 1
    FROM "Kontakter" AS "k")
2025-09-01 11:09:39.163 +02:00 [INF] Executed DbCommand (0ms) [Parameters=[], CommandType='"Text"', CommandTimeout='30']
SELECT EXISTS (
    SELECT 1
    FROM "Om" AS "o")
2025-09-01 11:09:39.243 +02:00 [INF] User profile is available. Using 'C:\Users\somal\AppData\Local\ASP.NET\DataProtection-Keys' as key repository and Windows DPAPI to encrypt keys at rest.
2025-09-01 11:09:39.463 +02:00 [INF] Now listening on: https://localhost:7239
2025-09-01 11:09:39.465 +02:00 [INF] Now listening on: http://localhost:5225
2025-09-01 11:09:39.531 +02:00 [INF] Application started. Press Ctrl+C to shut down.
2025-09-01 11:09:39.534 +02:00 [INF] Hosting environment: Development
2025-09-01 11:09:39.535 +02:00 [INF] Content root path: C:\Users\somal\Desktop\Projekt\ForeningWeb\ForeningWeb
2025-09-01 11:09:39.917 +02:00 [INF] Request starting HTTP/2 GET https://localhost:7239/ - null null
2025-09-01 11:09:40.172 +02:00 [INF] Executing endpoint '/Index'
2025-09-01 11:09:40.323 +02:00 [INF] Route matched with {page = "/Index"}. Executing page /Index
2025-09-01 11:09:40.430 +02:00 [INF] Executing handler method ForeningWeb.Pages.IndexModel.OnGetAsync - ModelState is "Valid"
2025-09-01 11:09:40.564 +02:00 [INF] Executed DbCommand (1ms) [Parameters=[], CommandType='"Text"', CommandTimeout='30']
SELECT "e"."Id", "e"."Beskrivelse", "e"."Dato", "e"."ImageUrl", "e"."Tidspunkt", "e"."Titel"
FROM "Events" AS "e"
ORDER BY "e"."Dato" DESC
2025-09-01 11:09:40.677 +02:00 [INF] Executed handler method OnGetAsync, returned result .
2025-09-01 11:09:40.684 +02:00 [INF] Executing an implicit handler method - ModelState is "Valid"
2025-09-01 11:09:40.687 +02:00 [INF] Executed an implicit handler method, returned result Microsoft.AspNetCore.Mvc.RazorPages.PageResult.
2025-09-01 11:09:40.895 +02:00 [INF] Request starting HTTP/2 GET https://localhost:7239/css/site.css?v=GzS7vcKc4W5rAwTmFjPFfYN3kPcVLFDFWuj_6xH0F3k - null null
2025-09-01 11:09:40.898 +02:00 [INF] Request starting HTTP/2 GET https://localhost:7239/_framework/aspnetcore-browser-refresh.js - null null
2025-09-01 11:09:40.895 +02:00 [INF] Request starting HTTP/2 GET https://localhost:7239/images/Mosque-sunset.jpg - null null
2025-09-01 11:09:40.923 +02:00 [INF] The file /css/site.css was not modified
2025-09-01 11:09:40.907 +02:00 [INF] Request starting HTTP/2 GET https://localhost:7239/_vs/browserLink - null null
2025-09-01 11:09:40.899 +02:00 [INF] Executed page /Index in 472.6399ms
2025-09-01 11:09:40.954 +02:00 [INF] The file /images/Mosque-sunset.jpg was not modified
2025-09-01 11:09:40.956 +02:00 [INF] Request finished HTTP/2 GET https://localhost:7239/_framework/aspnetcore-browser-refresh.js - 200 16507 application/javascript; charset=utf-8 56.8987ms
2025-09-01 11:09:40.969 +02:00 [INF] Request finished HTTP/2 GET https://localhost:7239/images/Mosque-sunset.jpg - 304 null image/jpeg 74.4634ms
2025-09-01 11:09:40.957 +02:00 [INF] Request finished HTTP/2 GET https://localhost:7239/css/site.css?v=GzS7vcKc4W5rAwTmFjPFfYN3kPcVLFDFWuj_6xH0F3k - 304 null text/css 62.9266ms
2025-09-01 11:09:40.967 +02:00 [INF] Executed endpoint '/Index'
2025-09-01 11:09:41.017 +02:00 [INF] Request finished HTTP/2 GET https://localhost:7239/ - 200 null text/html; charset=utf-8 1111.509ms
2025-09-01 11:09:41.041 +02:00 [INF] Request finished HTTP/2 GET https://localhost:7239/_vs/browserLink - 200 null text/javascript; charset=UTF-8 134.5044ms
2025-09-01 11:12:39.039 +02:00 [INF] Executed DbCommand (1,120ms) [Parameters=[], CommandType='"Text"', CommandTimeout='30']
SELECT COUNT(*) FROM "sqlite_master" WHERE "name" = '__EFMigrationsHistory' AND "type" = 'table';
2025-09-01 11:12:39.710 +02:00 [INF] Executed DbCommand (0ms) [Parameters=[], CommandType='"Text"', CommandTimeout='30']
SELECT COUNT(*) FROM "sqlite_master" WHERE "name" = '__EFMigrationsHistory' AND "type" = 'table';
2025-09-01 11:12:41.368 +02:00 [INF] Executed DbCommand (0ms) [Parameters=[], CommandType='"Text"', CommandTimeout='30']
SELECT "MigrationId", "ProductVersion"
FROM "__EFMigrationsHistory"
ORDER BY "MigrationId";
2025-09-01 11:12:42.705 +02:00 [INF] No migrations were applied. The database is already up to date.
2025-09-01 11:12:43.088 +02:00 [INF] Executed DbCommand (0ms) [Parameters=[], CommandType='"Text"', CommandTimeout='30']
SELECT EXISTS (
    SELECT 1
    FROM "Events" AS "e")
2025-09-01 11:12:43.519 +02:00 [INF] Executed DbCommand (0ms) [Parameters=[], CommandType='"Text"', CommandTimeout='30']
SELECT EXISTS (
    SELECT 1
    FROM "Donationer" AS "d")
2025-09-01 11:12:43.695 +02:00 [INF] Executed DbCommand (0ms) [Parameters=[], CommandType='"Text"', CommandTimeout='30']
SELECT EXISTS (
    SELECT 1
    FROM "Kontakter" AS "k")
2025-09-01 11:12:43.747 +02:00 [INF] Executed DbCommand (0ms) [Parameters=[], CommandType='"Text"', CommandTimeout='30']
SELECT EXISTS (
    SELECT 1
    FROM "Om" AS "o")
2025-09-01 11:12:43.877 +02:00 [INF] User profile is available. Using 'C:\Users\somal\AppData\Local\ASP.NET\DataProtection-Keys' as key repository and Windows DPAPI to encrypt keys at rest.
2025-09-01 11:12:44.210 +02:00 [INF] Now listening on: https://localhost:7239
2025-09-01 11:12:44.216 +02:00 [INF] Now listening on: http://localhost:5225
2025-09-01 11:12:44.282 +02:00 [INF] Application started. Press Ctrl+C to shut down.
2025-09-01 11:12:44.284 +02:00 [INF] Hosting environment: Development
2025-09-01 11:12:44.285 +02:00 [INF] Content root path: C:\Users\somal\Desktop\Projekt\ForeningWeb\ForeningWeb
2025-09-01 11:12:44.759 +02:00 [INF] Request starting HTTP/2 GET https://localhost:7239/ - null null
2025-09-01 11:12:45.303 +02:00 [INF] Executing endpoint '/Index'
2025-09-01 11:12:45.684 +02:00 [INF] Route matched with {page = "/Index"}. Executing page /Index
2025-09-01 11:12:45.719 +02:00 [INF] Executing handler method ForeningWeb.Pages.IndexModel.OnGetAsync - ModelState is "Valid"
2025-09-01 11:12:45.810 +02:00 [INF] Executed DbCommand (2ms) [Parameters=[], CommandType='"Text"', CommandTimeout='30']
SELECT "e"."Id", "e"."Beskrivelse", "e"."Dato", "e"."ImageUrl", "e"."Tidspunkt", "e"."Titel"
FROM "Events" AS "e"
ORDER BY "e"."Dato" DESC
2025-09-01 11:12:45.894 +02:00 [INF] Executed handler method OnGetAsync, returned result .
2025-09-01 11:12:45.901 +02:00 [INF] Executing an implicit handler method - ModelState is "Valid"
2025-09-01 11:12:45.904 +02:00 [INF] Executed an implicit handler method, returned result Microsoft.AspNetCore.Mvc.RazorPages.PageResult.
2025-09-01 11:12:46.067 +02:00 [INF] Request starting HTTP/2 GET https://localhost:7239/css/site.css?v=_bED7XrcPC984QoDMTfjzZxbk7r5gdCL9Is1PjZRPCg - null null
2025-09-01 11:12:46.074 +02:00 [INF] Executed page /Index in 370.8556ms
2025-09-01 11:12:46.077 +02:00 [INF] Request starting HTTP/2 GET https://localhost:7239/_framework/aspnetcore-browser-refresh.js - null null
2025-09-01 11:12:46.078 +02:00 [INF] Request starting HTTP/2 GET https://localhost:7239/_vs/browserLink - null null
2025-09-01 11:12:46.094 +02:00 [INF] Executed endpoint '/Index'
2025-09-01 11:12:46.129 +02:00 [INF] Request finished HTTP/2 GET https://localhost:7239/_framework/aspnetcore-browser-refresh.js - 200 16507 application/javascript; charset=utf-8 40.8036ms
2025-09-01 11:12:46.148 +02:00 [INF] Sending file. Request path: '/css/site.css'. Physical path: 'C:\Users\somal\Desktop\Projekt\ForeningWeb\ForeningWeb\wwwroot\css\site.css'
2025-09-01 11:12:46.154 +02:00 [INF] Request finished HTTP/2 GET https://localhost:7239/ - 200 null text/html; charset=utf-8 1416.7753ms
2025-09-01 11:12:46.155 +02:00 [INF] Request finished HTTP/2 GET https://localhost:7239/css/site.css?v=_bED7XrcPC984QoDMTfjzZxbk7r5gdCL9Is1PjZRPCg - 200 1090 text/css 88.0632ms
2025-09-01 11:12:46.198 +02:00 [INF] Request finished HTTP/2 GET https://localhost:7239/_vs/browserLink - 200 null text/javascript; charset=UTF-8 120.5517ms
2025-09-01 11:13:20.932 +02:00 [INF] Executed DbCommand (1,079ms) [Parameters=[], CommandType='"Text"', CommandTimeout='30']
SELECT COUNT(*) FROM "sqlite_master" WHERE "name" = '__EFMigrationsHistory' AND "type" = 'table';
2025-09-01 11:13:20.977 +02:00 [INF] Executed DbCommand (0ms) [Parameters=[], CommandType='"Text"', CommandTimeout='30']
SELECT COUNT(*) FROM "sqlite_master" WHERE "name" = '__EFMigrationsHistory' AND "type" = 'table';
2025-09-01 11:13:20.998 +02:00 [INF] Executed DbCommand (0ms) [Parameters=[], CommandType='"Text"', CommandTimeout='30']
SELECT "MigrationId", "ProductVersion"
FROM "__EFMigrationsHistory"
ORDER BY "MigrationId";
2025-09-01 11:13:21.171 +02:00 [INF] No migrations were applied. The database is already up to date.
2025-09-01 11:13:21.580 +02:00 [INF] Executed DbCommand (0ms) [Parameters=[], CommandType='"Text"', CommandTimeout='30']
SELECT EXISTS (
    SELECT 1
    FROM "Events" AS "e")
2025-09-01 11:13:22.060 +02:00 [INF] Executed DbCommand (0ms) [Parameters=[], CommandType='"Text"', CommandTimeout='30']
SELECT EXISTS (
    SELECT 1
    FROM "Donationer" AS "d")
2025-09-01 11:13:22.172 +02:00 [INF] Executed DbCommand (0ms) [Parameters=[], CommandType='"Text"', CommandTimeout='30']
SELECT EXISTS (
    SELECT 1
    FROM "Kontakter" AS "k")
2025-09-01 11:13:22.182 +02:00 [INF] Executed DbCommand (0ms) [Parameters=[], CommandType='"Text"', CommandTimeout='30']
SELECT EXISTS (
    SELECT 1
    FROM "Om" AS "o")
2025-09-01 11:13:22.838 +02:00 [INF] User profile is available. Using 'C:\Users\somal\AppData\Local\ASP.NET\DataProtection-Keys' as key repository and Windows DPAPI to encrypt keys at rest.
2025-09-01 11:13:23.566 +02:00 [INF] Now listening on: https://localhost:7239
2025-09-01 11:13:23.567 +02:00 [INF] Now listening on: http://localhost:5225
2025-09-01 11:13:23.631 +02:00 [INF] Application started. Press Ctrl+C to shut down.
2025-09-01 11:13:23.632 +02:00 [INF] Hosting environment: Development
2025-09-01 11:13:23.796 +02:00 [INF] Content root path: C:\Users\somal\Desktop\Projekt\ForeningWeb\ForeningWeb
2025-09-01 11:13:24.325 +02:00 [INF] Request starting HTTP/2 GET https://localhost:7239/ - null null
2025-09-01 11:13:25.004 +02:00 [INF] Executing endpoint '/Index'
2025-09-01 11:13:25.793 +02:00 [INF] Route matched with {page = "/Index"}. Executing page /Index
2025-09-01 11:13:26.590 +02:00 [INF] Executing handler method ForeningWeb.Pages.IndexModel.OnGetAsync - ModelState is "Valid"
2025-09-01 11:13:26.867 +02:00 [INF] Executed DbCommand (8ms) [Parameters=[], CommandType='"Text"', CommandTimeout='30']
SELECT "e"."Id", "e"."Beskrivelse", "e"."Dato", "e"."ImageUrl", "e"."Tidspunkt", "e"."Titel"
FROM "Events" AS "e"
ORDER BY "e"."Dato" DESC
2025-09-01 11:13:27.061 +02:00 [INF] Executed handler method OnGetAsync, returned result .
2025-09-01 11:13:27.219 +02:00 [INF] Executing an implicit handler method - ModelState is "Valid"
2025-09-01 11:13:27.232 +02:00 [INF] Executed an implicit handler method, returned result Microsoft.AspNetCore.Mvc.RazorPages.PageResult.
2025-09-01 11:13:27.678 +02:00 [INF] Request starting HTTP/2 GET https://localhost:7239/css/site.css?v=GzS7vcKc4W5rAwTmFjPFfYN3kPcVLFDFWuj_6xH0F3k - null null
2025-09-01 11:13:27.678 +02:00 [INF] Request starting HTTP/2 GET https://localhost:7239/_vs/browserLink - null null
2025-09-01 11:13:28.017 +02:00 [INF] Sending file. Request path: '/css/site.css'. Physical path: 'C:\Users\somal\Desktop\Projekt\ForeningWeb\ForeningWeb\wwwroot\css\site.css'
2025-09-01 11:13:27.678 +02:00 [INF] Request starting HTTP/2 GET https://localhost:7239/_framework/aspnetcore-browser-refresh.js - null null
2025-09-01 11:13:29.278 +02:00 [INF] Request finished HTTP/2 GET https://localhost:7239/_vs/browserLink - 200 null text/javascript; charset=UTF-8 1599.6963ms
2025-09-01 11:13:29.152 +02:00 [INF] Request finished HTTP/2 GET https://localhost:7239/css/site.css?v=GzS7vcKc4W5rAwTmFjPFfYN3kPcVLFDFWuj_6xH0F3k - 200 1560 text/css 1473.6579ms
2025-09-01 11:13:27.684 +02:00 [INF] Executed page /Index in 1103.2984ms
2025-09-01 11:13:29.328 +02:00 [INF] Request finished HTTP/2 GET https://localhost:7239/_framework/aspnetcore-browser-refresh.js - 200 16507 application/javascript; charset=utf-8 1650.5089ms
2025-09-01 11:13:29.378 +02:00 [INF] Executed endpoint '/Index'
2025-09-01 11:13:29.412 +02:00 [INF] Request finished HTTP/2 GET https://localhost:7239/ - 200 null text/html; charset=utf-8 5097.1932ms
2025-09-01 11:15:15.464 +02:00 [INF] Executed DbCommand (819ms) [Parameters=[], CommandType='"Text"', CommandTimeout='30']
SELECT COUNT(*) FROM "sqlite_master" WHERE "name" = '__EFMigrationsHistory' AND "type" = 'table';
2025-09-01 11:15:15.532 +02:00 [INF] Executed DbCommand (0ms) [Parameters=[], CommandType='"Text"', CommandTimeout='30']
SELECT COUNT(*) FROM "sqlite_master" WHERE "name" = '__EFMigrationsHistory' AND "type" = 'table';
2025-09-01 11:15:15.553 +02:00 [INF] Executed DbCommand (1ms) [Parameters=[], CommandType='"Text"', CommandTimeout='30']
SELECT "MigrationId", "ProductVersion"
FROM "__EFMigrationsHistory"
ORDER BY "MigrationId";
2025-09-01 11:15:16.009 +02:00 [INF] No migrations were applied. The database is already up to date.
2025-09-01 11:15:16.374 +02:00 [INF] Executed DbCommand (0ms) [Parameters=[], CommandType='"Text"', CommandTimeout='30']
SELECT EXISTS (
    SELECT 1
    FROM "Events" AS "e")
2025-09-01 11:15:16.521 +02:00 [INF] Executed DbCommand (0ms) [Parameters=[], CommandType='"Text"', CommandTimeout='30']
SELECT EXISTS (
    SELECT 1
    FROM "Donationer" AS "d")
2025-09-01 11:15:16.917 +02:00 [INF] Executed DbCommand (0ms) [Parameters=[], CommandType='"Text"', CommandTimeout='30']
SELECT EXISTS (
    SELECT 1
    FROM "Kontakter" AS "k")
2025-09-01 11:15:16.921 +02:00 [INF] Executed DbCommand (0ms) [Parameters=[], CommandType='"Text"', CommandTimeout='30']
SELECT EXISTS (
    SELECT 1
    FROM "Om" AS "o")
2025-09-01 11:15:17.585 +02:00 [INF] User profile is available. Using 'C:\Users\somal\AppData\Local\ASP.NET\DataProtection-Keys' as key repository and Windows DPAPI to encrypt keys at rest.
2025-09-01 11:15:17.816 +02:00 [INF] Now listening on: https://localhost:7239
2025-09-01 11:15:17.817 +02:00 [INF] Now listening on: http://localhost:5225
2025-09-01 11:15:17.875 +02:00 [INF] Application started. Press Ctrl+C to shut down.
2025-09-01 11:15:17.876 +02:00 [INF] Hosting environment: Development
2025-09-01 11:15:17.877 +02:00 [INF] Content root path: C:\Users\somal\Desktop\Projekt\ForeningWeb\ForeningWeb
2025-09-01 11:15:18.503 +02:00 [INF] Request starting HTTP/2 GET https://localhost:7239/ - null null
2025-09-01 11:15:18.911 +02:00 [INF] Executing endpoint '/Index'
2025-09-01 11:15:19.385 +02:00 [INF] Route matched with {page = "/Index"}. Executing page /Index
2025-09-01 11:15:19.876 +02:00 [INF] Executing handler method ForeningWeb.Pages.IndexModel.OnGetAsync - ModelState is "Valid"
2025-09-01 11:15:20.055 +02:00 [INF] Executed DbCommand (2ms) [Parameters=[], CommandType='"Text"', CommandTimeout='30']
SELECT "e"."Id", "e"."Beskrivelse", "e"."Dato", "e"."ImageUrl", "e"."Tidspunkt", "e"."Titel"
FROM "Events" AS "e"
ORDER BY "e"."Dato" DESC
2025-09-01 11:15:20.148 +02:00 [INF] Executed handler method OnGetAsync, returned result .
2025-09-01 11:15:20.154 +02:00 [INF] Executing an implicit handler method - ModelState is "Valid"
2025-09-01 11:15:20.157 +02:00 [INF] Executed an implicit handler method, returned result Microsoft.AspNetCore.Mvc.RazorPages.PageResult.
2025-09-01 11:15:20.301 +02:00 [INF] Request starting HTTP/2 GET https://localhost:7239/_framework/aspnetcore-browser-refresh.js - null null
2025-09-01 11:15:20.301 +02:00 [INF] Request starting HTTP/2 GET https://localhost:7239/css/site.css?v=GzS7vcKc4W5rAwTmFjPFfYN3kPcVLFDFWuj_6xH0F3k - null null
2025-09-01 11:15:20.306 +02:00 [INF] Executed page /Index in 453.8138ms
2025-09-01 11:15:20.301 +02:00 [INF] Request starting HTTP/2 GET https://localhost:7239/_vs/browserLink - null null
2025-09-01 11:15:20.333 +02:00 [INF] Executed endpoint '/Index'
2025-09-01 11:15:20.334 +02:00 [INF] Request finished HTTP/2 GET https://localhost:7239/_framework/aspnetcore-browser-refresh.js - 200 16507 application/javascript; charset=utf-8 32.5219ms
2025-09-01 11:15:20.336 +02:00 [INF] The file /css/site.css was not modified
2025-09-01 11:15:20.372 +02:00 [INF] Request finished HTTP/2 GET https://localhost:7239/css/site.css?v=GzS7vcKc4W5rAwTmFjPFfYN3kPcVLFDFWuj_6xH0F3k - 304 null text/css 71.5158ms
2025-09-01 11:15:20.373 +02:00 [INF] Request finished HTTP/2 GET https://localhost:7239/ - 200 null text/html; charset=utf-8 1888.1318ms
2025-09-01 11:15:20.417 +02:00 [INF] Request finished HTTP/2 GET https://localhost:7239/_vs/browserLink - 200 null text/javascript; charset=UTF-8 116.1237ms
2025-09-01 11:16:06.776 +02:00 [INF] Executed DbCommand (23ms) [Parameters=[], CommandType='"Text"', CommandTimeout='30']
SELECT COUNT(*) FROM "sqlite_master" WHERE "name" = '__EFMigrationsHistory' AND "type" = 'table';
2025-09-01 11:16:06.819 +02:00 [INF] Executed DbCommand (0ms) [Parameters=[], CommandType='"Text"', CommandTimeout='30']
SELECT COUNT(*) FROM "sqlite_master" WHERE "name" = '__EFMigrationsHistory' AND "type" = 'table';
2025-09-01 11:16:06.835 +02:00 [INF] Executed DbCommand (0ms) [Parameters=[], CommandType='"Text"', CommandTimeout='30']
SELECT "MigrationId", "ProductVersion"
FROM "__EFMigrationsHistory"
ORDER BY "MigrationId";
2025-09-01 11:16:06.866 +02:00 [INF] No migrations were applied. The database is already up to date.
2025-09-01 11:16:06.980 +02:00 [INF] Executed DbCommand (0ms) [Parameters=[], CommandType='"Text"', CommandTimeout='30']
SELECT EXISTS (
    SELECT 1
    FROM "Events" AS "e")
2025-09-01 11:16:06.984 +02:00 [INF] Executed DbCommand (0ms) [Parameters=[], CommandType='"Text"', CommandTimeout='30']
SELECT EXISTS (
    SELECT 1
    FROM "Donationer" AS "d")
2025-09-01 11:16:06.987 +02:00 [INF] Executed DbCommand (0ms) [Parameters=[], CommandType='"Text"', CommandTimeout='30']
SELECT EXISTS (
    SELECT 1
    FROM "Kontakter" AS "k")
2025-09-01 11:16:06.991 +02:00 [INF] Executed DbCommand (0ms) [Parameters=[], CommandType='"Text"', CommandTimeout='30']
SELECT EXISTS (
    SELECT 1
    FROM "Om" AS "o")
2025-09-01 11:16:07.067 +02:00 [INF] User profile is available. Using 'C:\Users\somal\AppData\Local\ASP.NET\DataProtection-Keys' as key repository and Windows DPAPI to encrypt keys at rest.
2025-09-01 11:16:07.235 +02:00 [INF] Now listening on: https://localhost:7239
2025-09-01 11:16:07.237 +02:00 [INF] Now listening on: http://localhost:5225
2025-09-01 11:16:07.276 +02:00 [INF] Application started. Press Ctrl+C to shut down.
2025-09-01 11:16:07.278 +02:00 [INF] Hosting environment: Development
2025-09-01 11:16:07.279 +02:00 [INF] Content root path: C:\Users\somal\Desktop\Projekt\ForeningWeb\ForeningWeb
2025-09-01 11:16:07.959 +02:00 [INF] Request starting HTTP/2 GET https://localhost:7239/ - null null
2025-09-01 11:16:08.141 +02:00 [INF] Executing endpoint '/Index'
2025-09-01 11:16:08.172 +02:00 [INF] Route matched with {page = "/Index"}. Executing page /Index
2025-09-01 11:16:08.181 +02:00 [INF] Executing handler method ForeningWeb.Pages.IndexModel.OnGetAsync - ModelState is "Valid"
2025-09-01 11:16:08.232 +02:00 [INF] Executed DbCommand (1ms) [Parameters=[], CommandType='"Text"', CommandTimeout='30']
SELECT "e"."Id", "e"."Beskrivelse", "e"."Dato", "e"."ImageUrl", "e"."Tidspunkt", "e"."Titel"
FROM "Events" AS "e"
ORDER BY "e"."Dato" DESC
2025-09-01 11:16:08.281 +02:00 [INF] Executed handler method OnGetAsync, returned result .
2025-09-01 11:16:08.287 +02:00 [INF] Executing an implicit handler method - ModelState is "Valid"
2025-09-01 11:16:08.290 +02:00 [INF] Executed an implicit handler method, returned result Microsoft.AspNetCore.Mvc.RazorPages.PageResult.
2025-09-01 11:16:08.384 +02:00 [INF] Executed page /Index in 205.5003ms
2025-09-01 11:16:08.387 +02:00 [INF] Request starting HTTP/2 GET https://localhost:7239/css/site.css?v=GzS7vcKc4W5rAwTmFjPFfYN3kPcVLFDFWuj_6xH0F3k - null null
2025-09-01 11:16:08.393 +02:00 [INF] Request starting HTTP/2 GET https://localhost:7239/_vs/browserLink - null null
2025-09-01 11:16:08.392 +02:00 [INF] Request starting HTTP/2 GET https://localhost:7239/_framework/aspnetcore-browser-refresh.js - null null
2025-09-01 11:16:08.411 +02:00 [INF] The file /css/site.css was not modified
2025-09-01 11:16:08.403 +02:00 [INF] Executed endpoint '/Index'
2025-09-01 11:16:08.442 +02:00 [INF] Request finished HTTP/2 GET https://localhost:7239/css/site.css?v=GzS7vcKc4W5rAwTmFjPFfYN3kPcVLFDFWuj_6xH0F3k - 304 null text/css 55.3081ms
2025-09-01 11:16:08.442 +02:00 [INF] Request finished HTTP/2 GET https://localhost:7239/_framework/aspnetcore-browser-refresh.js - 200 16507 application/javascript; charset=utf-8 49.1695ms
2025-09-01 11:16:08.454 +02:00 [INF] Request finished HTTP/2 GET https://localhost:7239/ - 200 null text/html; charset=utf-8 508.2699ms
2025-09-01 11:16:08.479 +02:00 [INF] Request finished HTTP/2 GET https://localhost:7239/_vs/browserLink - 200 null text/javascript; charset=UTF-8 85.7176ms
2025-09-01 11:16:51.561 +02:00 [INF] Executed DbCommand (37ms) [Parameters=[], CommandType='"Text"', CommandTimeout='30']
SELECT COUNT(*) FROM "sqlite_master" WHERE "name" = '__EFMigrationsHistory' AND "type" = 'table';
2025-09-01 11:16:51.809 +02:00 [INF] Executed DbCommand (0ms) [Parameters=[], CommandType='"Text"', CommandTimeout='30']
SELECT COUNT(*) FROM "sqlite_master" WHERE "name" = '__EFMigrationsHistory' AND "type" = 'table';
2025-09-01 11:16:51.860 +02:00 [INF] Executed DbCommand (1ms) [Parameters=[], CommandType='"Text"', CommandTimeout='30']
SELECT "MigrationId", "ProductVersion"
FROM "__EFMigrationsHistory"
ORDER BY "MigrationId";
2025-09-01 11:16:52.692 +02:00 [INF] No migrations were applied. The database is already up to date.
2025-09-01 11:16:52.975 +02:00 [INF] Executed DbCommand (0ms) [Parameters=[], CommandType='"Text"', CommandTimeout='30']
SELECT EXISTS (
    SELECT 1
    FROM "Events" AS "e")
2025-09-01 11:16:52.997 +02:00 [INF] Executed DbCommand (0ms) [Parameters=[], CommandType='"Text"', CommandTimeout='30']
SELECT EXISTS (
    SELECT 1
    FROM "Donationer" AS "d")
2025-09-01 11:16:53.013 +02:00 [INF] Executed DbCommand (1ms) [Parameters=[], CommandType='"Text"', CommandTimeout='30']
SELECT EXISTS (
    SELECT 1
    FROM "Kontakter" AS "k")
2025-09-01 11:16:53.035 +02:00 [INF] Executed DbCommand (0ms) [Parameters=[], CommandType='"Text"', CommandTimeout='30']
SELECT EXISTS (
    SELECT 1
    FROM "Om" AS "o")
2025-09-01 11:16:53.540 +02:00 [INF] User profile is available. Using 'C:\Users\somal\AppData\Local\ASP.NET\DataProtection-Keys' as key repository and Windows DPAPI to encrypt keys at rest.
2025-09-01 11:16:54.026 +02:00 [INF] Now listening on: https://localhost:7239
2025-09-01 11:16:54.029 +02:00 [INF] Now listening on: http://localhost:5225
2025-09-01 11:16:54.284 +02:00 [INF] Application started. Press Ctrl+C to shut down.
2025-09-01 11:16:54.289 +02:00 [INF] Hosting environment: Development
2025-09-01 11:16:54.293 +02:00 [INF] Content root path: C:\Users\somal\Desktop\Projekt\ForeningWeb\ForeningWeb
2025-09-01 11:16:54.610 +02:00 [INF] Request starting HTTP/2 GET https://localhost:7239/ - null null
2025-09-01 11:16:54.898 +02:00 [INF] Executing endpoint '/Index'
2025-09-01 11:16:54.951 +02:00 [INF] Route matched with {page = "/Index"}. Executing page /Index
2025-09-01 11:16:54.992 +02:00 [INF] Executing handler method ForeningWeb.Pages.IndexModel.OnGetAsync - ModelState is "Valid"
2025-09-01 11:16:55.077 +02:00 [INF] Executed DbCommand (2ms) [Parameters=[], CommandType='"Text"', CommandTimeout='30']
SELECT "e"."Id", "e"."Beskrivelse", "e"."Dato", "e"."ImageUrl", "e"."Tidspunkt", "e"."Titel"
FROM "Events" AS "e"
ORDER BY "e"."Dato" DESC
2025-09-01 11:16:55.150 +02:00 [INF] Executed handler method OnGetAsync, returned result .
2025-09-01 11:16:55.156 +02:00 [INF] Executing an implicit handler method - ModelState is "Valid"
2025-09-01 11:16:55.158 +02:00 [INF] Executed an implicit handler method, returned result Microsoft.AspNetCore.Mvc.RazorPages.PageResult.
2025-09-01 11:16:55.330 +02:00 [INF] Request starting HTTP/2 GET https://localhost:7239/css/site.css?v=GzS7vcKc4W5rAwTmFjPFfYN3kPcVLFDFWuj_6xH0F3k - null null
2025-09-01 11:16:55.344 +02:00 [INF] Request starting HTTP/2 GET https://localhost:7239/_vs/browserLink - null null
2025-09-01 11:16:55.334 +02:00 [INF] Request starting HTTP/2 GET https://localhost:7239/_framework/aspnetcore-browser-refresh.js - null null
2025-09-01 11:16:55.364 +02:00 [INF] Executed page /Index in 383.6116ms
2025-09-01 11:16:55.368 +02:00 [INF] The file /css/site.css was not modified
2025-09-01 11:16:55.388 +02:00 [INF] Executed endpoint '/Index'
2025-09-01 11:16:55.394 +02:00 [INF] Request finished HTTP/2 GET https://localhost:7239/_framework/aspnetcore-browser-refresh.js - 200 16507 application/javascript; charset=utf-8 59.2784ms
2025-09-01 11:16:55.394 +02:00 [INF] Request finished HTTP/2 GET https://localhost:7239/css/site.css?v=GzS7vcKc4W5rAwTmFjPFfYN3kPcVLFDFWuj_6xH0F3k - 304 null text/css 63.4744ms
2025-09-01 11:16:55.407 +02:00 [INF] Request finished HTTP/2 GET https://localhost:7239/ - 200 null text/html; charset=utf-8 815.9957ms
2025-09-01 11:16:55.438 +02:00 [INF] Request finished HTTP/2 GET https://localhost:7239/_vs/browserLink - 200 null text/javascript; charset=UTF-8 93.9597ms
2025-09-01 11:18:29.783 +02:00 [INF] Executed DbCommand (55ms) [Parameters=[], CommandType='"Text"', CommandTimeout='30']
SELECT COUNT(*) FROM "sqlite_master" WHERE "name" = '__EFMigrationsHistory' AND "type" = 'table';
2025-09-01 11:18:30.023 +02:00 [INF] Executed DbCommand (0ms) [Parameters=[], CommandType='"Text"', CommandTimeout='30']
SELECT COUNT(*) FROM "sqlite_master" WHERE "name" = '__EFMigrationsHistory' AND "type" = 'table';
2025-09-01 11:18:30.851 +02:00 [INF] Executed DbCommand (0ms) [Parameters=[], CommandType='"Text"', CommandTimeout='30']
SELECT "MigrationId", "ProductVersion"
FROM "__EFMigrationsHistory"
ORDER BY "MigrationId";
2025-09-01 11:18:30.878 +02:00 [INF] No migrations were applied. The database is already up to date.
2025-09-01 11:18:31.016 +02:00 [INF] Executed DbCommand (0ms) [Parameters=[], CommandType='"Text"', CommandTimeout='30']
SELECT EXISTS (
    SELECT 1
    FROM "Events" AS "e")
2025-09-01 11:18:31.819 +02:00 [INF] Executed DbCommand (0ms) [Parameters=[], CommandType='"Text"', CommandTimeout='30']
SELECT EXISTS (
    SELECT 1
    FROM "Donationer" AS "d")
2025-09-01 11:18:32.112 +02:00 [INF] Executed DbCommand (0ms) [Parameters=[], CommandType='"Text"', CommandTimeout='30']
SELECT EXISTS (
    SELECT 1
    FROM "Kontakter" AS "k")
2025-09-01 11:18:32.123 +02:00 [INF] Executed DbCommand (0ms) [Parameters=[], CommandType='"Text"', CommandTimeout='30']
SELECT EXISTS (
    SELECT 1
    FROM "Om" AS "o")
2025-09-01 11:18:32.764 +02:00 [INF] User profile is available. Using 'C:\Users\somal\AppData\Local\ASP.NET\DataProtection-Keys' as key repository and Windows DPAPI to encrypt keys at rest.
2025-09-01 11:18:33.624 +02:00 [INF] Now listening on: https://localhost:7239
2025-09-01 11:18:33.632 +02:00 [INF] Now listening on: http://localhost:5225
2025-09-01 11:18:33.952 +02:00 [INF] Application started. Press Ctrl+C to shut down.
2025-09-01 11:18:34.538 +02:00 [INF] Hosting environment: Development
2025-09-01 11:18:34.652 +02:00 [INF] Content root path: C:\Users\somal\Desktop\Projekt\ForeningWeb\ForeningWeb
2025-09-01 11:18:35.087 +02:00 [INF] Request starting HTTP/2 GET https://localhost:7239/ - null null
2025-09-01 11:18:37.092 +02:00 [INF] Executing endpoint '/Index'
2025-09-01 11:18:37.130 +02:00 [INF] Route matched with {page = "/Index"}. Executing page /Index
2025-09-01 11:18:37.145 +02:00 [INF] Executing handler method ForeningWeb.Pages.IndexModel.OnGetAsync - ModelState is "Valid"
2025-09-01 11:18:37.218 +02:00 [INF] Executed DbCommand (2ms) [Parameters=[], CommandType='"Text"', CommandTimeout='30']
SELECT "e"."Id", "e"."Beskrivelse", "e"."Dato", "e"."ImageUrl", "e"."Tidspunkt", "e"."Titel"
FROM "Events" AS "e"
ORDER BY "e"."Dato" DESC
2025-09-01 11:18:38.027 +02:00 [INF] Executed handler method OnGetAsync, returned result .
2025-09-01 11:18:38.688 +02:00 [INF] Executing an implicit handler method - ModelState is "Valid"
2025-09-01 11:18:38.693 +02:00 [INF] Executed an implicit handler method, returned result Microsoft.AspNetCore.Mvc.RazorPages.PageResult.
2025-09-01 11:18:38.826 +02:00 [INF] Executed page /Index in 1686.8605ms
2025-09-01 11:18:38.826 +02:00 [INF] Request starting HTTP/2 GET https://localhost:7239/css/site.css?v=q0bG-U0xNtmZiTN-WmhErMvjKxIuLFWgRk5nCFhggo8 - null null
2025-09-01 11:18:38.830 +02:00 [INF] Request starting HTTP/2 GET https://localhost:7239/_vs/browserLink - null null
2025-09-01 11:18:38.830 +02:00 [INF] Request starting HTTP/2 GET https://localhost:7239/_framework/aspnetcore-browser-refresh.js - null null
2025-09-01 11:18:40.669 +02:00 [INF] Sending file. Request path: '/css/site.css'. Physical path: 'C:\Users\somal\Desktop\Projekt\ForeningWeb\ForeningWeb\wwwroot\css\site.css'
2025-09-01 11:18:39.112 +02:00 [INF] Executed endpoint '/Index'
2025-09-01 11:18:40.772 +02:00 [INF] Request finished HTTP/2 GET https://localhost:7239/_framework/aspnetcore-browser-refresh.js - 200 16507 application/javascript; charset=utf-8 1940.1563ms
2025-09-01 11:18:40.781 +02:00 [INF] Request finished HTTP/2 GET https://localhost:7239/css/site.css?v=q0bG-U0xNtmZiTN-WmhErMvjKxIuLFWgRk5nCFhggo8 - 200 2518 text/css 1954.7637ms
2025-09-01 11:18:40.818 +02:00 [INF] Request finished HTTP/2 GET https://localhost:7239/ - 200 null text/html; charset=utf-8 5783.1182ms
2025-09-01 11:18:40.841 +02:00 [INF] Request finished HTTP/2 GET https://localhost:7239/_vs/browserLink - 200 null text/javascript; charset=UTF-8 2011.4012ms
